2024-08-02 19:24:25 - takamol_data_processing - INFO - Fetching latest CSV file from C:\Users\snaip\Documents\work\API_Integration_and_Data_Migration_Car_Bookings_new\data/raw/takamol\A M G A RENT A CAR L.L.C. with pattern *takamol_cars*.csv
2024-08-02 19:24:25 - takamol_data_processing - INFO - Latest file found: C:\Users\snaip\Documents\work\API_Integration_and_Data_Migration_Car_Bookings_new\data/raw/takamol\A M G A RENT A CAR L.L.C.\takamol_cars_data_20240802192425.csv
2024-08-02 19:24:25 - takamol_data_processing - INFO - Loaded file: C:\Users\snaip\Documents\work\API_Integration_and_Data_Migration_Car_Bookings_new\data/raw/takamol\A M G A RENT A CAR L.L.C.\takamol_cars_data_20240802192425.csv
2024-08-02 19:24:25 - takamol_data_processing - INFO - Сохранены уникальные записи в файл: C:\Users\snaip\Documents\work\API_Integration_and_Data_Migration_Car_Bookings_new\data/processing/takamol\A M G A RENT A CAR L.L.C.\takamol_unique_cars_20240802192425.csv
2024-08-02 19:24:25 - takamol_data_processing - INFO - Сохранены дублирующиеся записи в файл: C:\Users\snaip\Documents\work\API_Integration_and_Data_Migration_Car_Bookings_new\data/processing/takamol\A M G A RENT A CAR L.L.C.\takamol_duplicate_cars_20240802192425.csv
2024-08-02 19:24:25 - takamol_data_processing - INFO - Fetching latest CSV file from C:\Users\snaip\Documents\work\API_Integration_and_Data_Migration_Car_Bookings_new\data/raw/takamol\AL MONSEF RENT A CAR L.L.C. with pattern *takamol_cars*.csv
2024-08-02 19:24:25 - takamol_data_processing - INFO - Latest file found: C:\Users\snaip\Documents\work\API_Integration_and_Data_Migration_Car_Bookings_new\data/raw/takamol\AL MONSEF RENT A CAR L.L.C.\takamol_cars_data_20240802192425.csv
2024-08-02 19:24:25 - takamol_data_processing - INFO - Loaded file: C:\Users\snaip\Documents\work\API_Integration_and_Data_Migration_Car_Bookings_new\data/raw/takamol\AL MONSEF RENT A CAR L.L.C.\takamol_cars_data_20240802192425.csv
2024-08-02 19:24:25 - takamol_data_processing - INFO - Сохранены уникальные записи в файл: C:\Users\snaip\Documents\work\API_Integration_and_Data_Migration_Car_Bookings_new\data/processing/takamol\AL MONSEF RENT A CAR L.L.C.\takamol_unique_cars_20240802192425.csv
2024-08-02 19:24:25 - takamol_data_processing - INFO - Сохранены дублирующиеся записи в файл: C:\Users\snaip\Documents\work\API_Integration_and_Data_Migration_Car_Bookings_new\data/processing/takamol\AL MONSEF RENT A CAR L.L.C.\takamol_duplicate_cars_20240802192425.csv
2024-08-02 19:24:28 - takamol_data_processing - INFO - Fetching latest CSV file from C:\Users\snaip\Documents\work\API_Integration_and_Data_Migration_Car_Bookings_new\data/raw/takamol\ROTANA STAR RENT A CAR with pattern *takamol_cars*.csv
2024-08-02 19:24:28 - takamol_data_processing - INFO - Latest file found: C:\Users\snaip\Documents\work\API_Integration_and_Data_Migration_Car_Bookings_new\data/raw/takamol\ROTANA STAR RENT A CAR\takamol_cars_data_20240802192428.csv
2024-08-02 19:24:28 - takamol_data_processing - INFO - Loaded file: C:\Users\snaip\Documents\work\API_Integration_and_Data_Migration_Car_Bookings_new\data/raw/takamol\ROTANA STAR RENT A CAR\takamol_cars_data_20240802192428.csv
2024-08-02 19:24:28 - takamol_data_processing - INFO - Сохранены уникальные записи в файл: C:\Users\snaip\Documents\work\API_Integration_and_Data_Migration_Car_Bookings_new\data/processing/takamol\ROTANA STAR RENT A CAR\takamol_unique_cars_20240802192428.csv
2024-08-02 19:24:28 - takamol_data_processing - INFO - Сохранены дублирующиеся записи в файл: C:\Users\snaip\Documents\work\API_Integration_and_Data_Migration_Car_Bookings_new\data/processing/takamol\ROTANA STAR RENT A CAR\takamol_duplicate_cars_20240802192428.csv
2024-08-02 19:24:29 - takamol_data_processing - INFO - Fetching latest CSV file from C:\Users\snaip\Documents\work\API_Integration_and_Data_Migration_Car_Bookings_new\data/raw/takamol\GOLDEN KEY RENT CAR L.L.C. with pattern *takamol_cars*.csv
2024-08-02 19:24:29 - takamol_data_processing - INFO - Latest file found: C:\Users\snaip\Documents\work\API_Integration_and_Data_Migration_Car_Bookings_new\data/raw/takamol\GOLDEN KEY RENT CAR L.L.C.\takamol_cars_data_20240802192429.csv
2024-08-02 19:24:29 - takamol_data_processing - INFO - Loaded file: C:\Users\snaip\Documents\work\API_Integration_and_Data_Migration_Car_Bookings_new\data/raw/takamol\GOLDEN KEY RENT CAR L.L.C.\takamol_cars_data_20240802192429.csv
2024-08-02 19:24:29 - takamol_data_processing - INFO - Сохранены уникальные записи в файл: C:\Users\snaip\Documents\work\API_Integration_and_Data_Migration_Car_Bookings_new\data/processing/takamol\GOLDEN KEY RENT CAR L.L.C.\takamol_unique_cars_20240802192429.csv
2024-08-02 19:24:29 - takamol_data_processing - INFO - Сохранены дублирующиеся записи в файл: C:\Users\snaip\Documents\work\API_Integration_and_Data_Migration_Car_Bookings_new\data/processing/takamol\GOLDEN KEY RENT CAR L.L.C.\takamol_duplicate_cars_20240802192429.csv
2024-08-02 19:24:29 - takamol_data_processing - INFO - Fetching latest CSV file from C:\Users\snaip\Documents\work\API_Integration_and_Data_Migration_Car_Bookings_new\data/raw/takamol\AUTOBOTS RENT A CAR L.L.C. with pattern *takamol_cars*.csv
2024-08-02 19:24:29 - takamol_data_processing - INFO - Latest file found: C:\Users\snaip\Documents\work\API_Integration_and_Data_Migration_Car_Bookings_new\data/raw/takamol\AUTOBOTS RENT A CAR L.L.C.\takamol_cars_data_20240802192429.csv
2024-08-02 19:24:29 - takamol_data_processing - INFO - Loaded file: C:\Users\snaip\Documents\work\API_Integration_and_Data_Migration_Car_Bookings_new\data/raw/takamol\AUTOBOTS RENT A CAR L.L.C.\takamol_cars_data_20240802192429.csv
2024-08-02 19:24:29 - takamol_data_processing - INFO - Сохранены уникальные записи в файл: C:\Users\snaip\Documents\work\API_Integration_and_Data_Migration_Car_Bookings_new\data/processing/takamol\AUTOBOTS RENT A CAR L.L.C.\takamol_unique_cars_20240802192429.csv
2024-08-02 19:24:29 - takamol_data_processing - INFO - Сохранены дублирующиеся записи в файл: C:\Users\snaip\Documents\work\API_Integration_and_Data_Migration_Car_Bookings_new\data/processing/takamol\AUTOBOTS RENT A CAR L.L.C.\takamol_duplicate_cars_20240802192429.csv
2024-08-02 19:24:32 - takamol_data_processing - INFO - Fetching latest CSV file from C:\Users\snaip\Documents\work\API_Integration_and_Data_Migration_Car_Bookings_new\data/raw/takamol\AVENTADOR 1 CAR RENTAL with pattern *takamol_cars*.csv
2024-08-02 19:24:32 - takamol_data_processing - INFO - Latest file found: C:\Users\snaip\Documents\work\API_Integration_and_Data_Migration_Car_Bookings_new\data/raw/takamol\AVENTADOR 1 CAR RENTAL\takamol_cars_data_20240802192432.csv
2024-08-02 19:24:32 - takamol_data_processing - INFO - Loaded file: C:\Users\snaip\Documents\work\API_Integration_and_Data_Migration_Car_Bookings_new\data/raw/takamol\AVENTADOR 1 CAR RENTAL\takamol_cars_data_20240802192432.csv
2024-08-02 19:24:32 - takamol_data_processing - INFO - Сохранены уникальные записи в файл: C:\Users\snaip\Documents\work\API_Integration_and_Data_Migration_Car_Bookings_new\data/processing/takamol\AVENTADOR 1 CAR RENTAL\takamol_unique_cars_20240802192432.csv
2024-08-02 19:24:32 - takamol_data_processing - INFO - Сохранены дублирующиеся записи в файл: C:\Users\snaip\Documents\work\API_Integration_and_Data_Migration_Car_Bookings_new\data/processing/takamol\AVENTADOR 1 CAR RENTAL\takamol_duplicate_cars_20240802192432.csv
2024-08-02 19:24:33 - takamol_data_processing - INFO - Fetching latest CSV file from C:\Users\snaip\Documents\work\API_Integration_and_Data_Migration_Car_Bookings_new\data/raw/takamol\DREAMZ RENT A CAR L.L.C. with pattern *takamol_cars*.csv
2024-08-02 19:24:33 - takamol_data_processing - INFO - Latest file found: C:\Users\snaip\Documents\work\API_Integration_and_Data_Migration_Car_Bookings_new\data/raw/takamol\DREAMZ RENT A CAR L.L.C.\takamol_cars_data_20240802192433.csv
2024-08-02 19:24:33 - takamol_data_processing - INFO - Loaded file: C:\Users\snaip\Documents\work\API_Integration_and_Data_Migration_Car_Bookings_new\data/raw/takamol\DREAMZ RENT A CAR L.L.C.\takamol_cars_data_20240802192433.csv
2024-08-02 19:24:33 - takamol_data_processing - INFO - Сохранены уникальные записи в файл: C:\Users\snaip\Documents\work\API_Integration_and_Data_Migration_Car_Bookings_new\data/processing/takamol\DREAMZ RENT A CAR L.L.C.\takamol_unique_cars_20240802192433.csv
2024-08-02 19:24:33 - takamol_data_processing - INFO - Сохранены дублирующиеся записи в файл: C:\Users\snaip\Documents\work\API_Integration_and_Data_Migration_Car_Bookings_new\data/processing/takamol\DREAMZ RENT A CAR L.L.C.\takamol_duplicate_cars_20240802192433.csv
2024-08-02 19:24:36 - takamol_data_processing - INFO - Fetching latest CSV file from C:\Users\snaip\Documents\work\API_Integration_and_Data_Migration_Car_Bookings_new\data/raw/takamol\HOUSTON LUXURY RENT A CAR with pattern *takamol_cars*.csv
2024-08-02 19:24:36 - takamol_data_processing - INFO - Latest file found: C:\Users\snaip\Documents\work\API_Integration_and_Data_Migration_Car_Bookings_new\data/raw/takamol\HOUSTON LUXURY RENT A CAR\takamol_cars_data_20240802192436.csv
2024-08-02 19:24:36 - takamol_data_processing - INFO - Loaded file: C:\Users\snaip\Documents\work\API_Integration_and_Data_Migration_Car_Bookings_new\data/raw/takamol\HOUSTON LUXURY RENT A CAR\takamol_cars_data_20240802192436.csv
2024-08-02 19:24:36 - takamol_data_processing - INFO - Сохранены уникальные записи в файл: C:\Users\snaip\Documents\work\API_Integration_and_Data_Migration_Car_Bookings_new\data/processing/takamol\HOUSTON LUXURY RENT A CAR\takamol_unique_cars_20240802192436.csv
2024-08-02 19:24:36 - takamol_data_processing - INFO - Сохранены дублирующиеся записи в файл: C:\Users\snaip\Documents\work\API_Integration_and_Data_Migration_Car_Bookings_new\data/processing/takamol\HOUSTON LUXURY RENT A CAR\takamol_duplicate_cars_20240802192436.csv
2024-08-02 19:24:36 - takamol_data_processing - INFO - Fetching latest CSV file from C:\Users\snaip\Documents\work\API_Integration_and_Data_Migration_Car_Bookings_new\data/raw/takamol\LUXURY SPORTS CAR RENTAL L.L.C. with pattern *takamol_cars*.csv
2024-08-02 19:24:36 - takamol_data_processing - INFO - Latest file found: C:\Users\snaip\Documents\work\API_Integration_and_Data_Migration_Car_Bookings_new\data/raw/takamol\LUXURY SPORTS CAR RENTAL L.L.C.\takamol_cars_data_20240802192436.csv
2024-08-02 19:24:36 - takamol_data_processing - INFO - Loaded file: C:\Users\snaip\Documents\work\API_Integration_and_Data_Migration_Car_Bookings_new\data/raw/takamol\LUXURY SPORTS CAR RENTAL L.L.C.\takamol_cars_data_20240802192436.csv
2024-08-02 19:24:36 - takamol_data_processing - INFO - Сохранены уникальные записи в файл: C:\Users\snaip\Documents\work\API_Integration_and_Data_Migration_Car_Bookings_new\data/processing/takamol\LUXURY SPORTS CAR RENTAL L.L.C.\takamol_unique_cars_20240802192436.csv
2024-08-02 19:24:36 - takamol_data_processing - INFO - Сохранены дублирующиеся записи в файл: C:\Users\snaip\Documents\work\API_Integration_and_Data_Migration_Car_Bookings_new\data/processing/takamol\LUXURY SPORTS CAR RENTAL L.L.C.\takamol_duplicate_cars_20240802192436.csv
2024-08-02 19:24:40 - takamol_data_processing - INFO - Fetching latest CSV file from C:\Users\snaip\Documents\work\API_Integration_and_Data_Migration_Car_Bookings_new\data/raw/takamol\FAST EXPRESS RENT A CAR L.L.C. with pattern *takamol_cars*.csv
2024-08-02 19:24:40 - takamol_data_processing - INFO - Latest file found: C:\Users\snaip\Documents\work\API_Integration_and_Data_Migration_Car_Bookings_new\data/raw/takamol\FAST EXPRESS RENT A CAR L.L.C.\takamol_cars_data_20240802192440.csv
2024-08-02 19:24:40 - takamol_data_processing - INFO - Loaded file: C:\Users\snaip\Documents\work\API_Integration_and_Data_Migration_Car_Bookings_new\data/raw/takamol\FAST EXPRESS RENT A CAR L.L.C.\takamol_cars_data_20240802192440.csv
2024-08-02 19:24:40 - takamol_data_processing - INFO - Сохранены уникальные записи в файл: C:\Users\snaip\Documents\work\API_Integration_and_Data_Migration_Car_Bookings_new\data/processing/takamol\FAST EXPRESS RENT A CAR L.L.C.\takamol_unique_cars_20240802192440.csv
2024-08-02 19:24:40 - takamol_data_processing - INFO - Сохранены дублирующиеся записи в файл: C:\Users\snaip\Documents\work\API_Integration_and_Data_Migration_Car_Bookings_new\data/processing/takamol\FAST EXPRESS RENT A CAR L.L.C.\takamol_duplicate_cars_20240802192440.csv
2024-08-02 19:24:41 - takamol_data_processing - INFO - Fetching latest CSV file from C:\Users\snaip\Documents\work\API_Integration_and_Data_Migration_Car_Bookings_new\data/raw/takamol\MASTERKEY RENT A CAR L.L.C. with pattern *takamol_cars*.csv
2024-08-02 19:24:41 - takamol_data_processing - INFO - Latest file found: C:\Users\snaip\Documents\work\API_Integration_and_Data_Migration_Car_Bookings_new\data/raw/takamol\MASTERKEY RENT A CAR L.L.C.\takamol_cars_data_20240802192441.csv
2024-08-02 19:24:41 - takamol_data_processing - INFO - Loaded file: C:\Users\snaip\Documents\work\API_Integration_and_Data_Migration_Car_Bookings_new\data/raw/takamol\MASTERKEY RENT A CAR L.L.C.\takamol_cars_data_20240802192441.csv
2024-08-02 19:24:41 - takamol_data_processing - INFO - Сохранены уникальные записи в файл: C:\Users\snaip\Documents\work\API_Integration_and_Data_Migration_Car_Bookings_new\data/processing/takamol\MASTERKEY RENT A CAR L.L.C.\takamol_unique_cars_20240802192441.csv
2024-08-02 19:24:41 - takamol_data_processing - INFO - Сохранены дублирующиеся записи в файл: C:\Users\snaip\Documents\work\API_Integration_and_Data_Migration_Car_Bookings_new\data/processing/takamol\MASTERKEY RENT A CAR L.L.C.\takamol_duplicate_cars_20240802192441.csv
2024-08-02 19:24:44 - takamol_data_processing - INFO - Fetching latest CSV file from C:\Users\snaip\Documents\work\API_Integration_and_Data_Migration_Car_Bookings_new\data/raw/takamol\X CAR RENTAL with pattern *takamol_cars*.csv
2024-08-02 19:24:44 - takamol_data_processing - INFO - Latest file found: C:\Users\snaip\Documents\work\API_Integration_and_Data_Migration_Car_Bookings_new\data/raw/takamol\X CAR RENTAL\takamol_cars_data_20240802192444.csv
2024-08-02 19:24:44 - takamol_data_processing - INFO - Loaded file: C:\Users\snaip\Documents\work\API_Integration_and_Data_Migration_Car_Bookings_new\data/raw/takamol\X CAR RENTAL\takamol_cars_data_20240802192444.csv
2024-08-02 19:24:44 - takamol_data_processing - INFO - Сохранены уникальные записи в файл: C:\Users\snaip\Documents\work\API_Integration_and_Data_Migration_Car_Bookings_new\data/processing/takamol\X CAR RENTAL\takamol_unique_cars_20240802192444.csv
2024-08-02 19:24:44 - takamol_data_processing - INFO - Сохранены дублирующиеся записи в файл: C:\Users\snaip\Documents\work\API_Integration_and_Data_Migration_Car_Bookings_new\data/processing/takamol\X CAR RENTAL\takamol_duplicate_cars_20240802192444.csv
