2024-08-02 19:24:24 - takamol_get_car_bookings_data - INFO - Start fetching takamol for AL MONSEF RENT A CAR L.L.C.
2024-08-02 19:24:24 - takamol_get_car_bookings_data - INFO - Start fetching takamol for A M G A RENT A CAR L.L.C.
2024-08-02 19:24:25 - takamol_get_car_bookings_data - INFO - 50 cars fetched.
2024-08-02 19:24:25 - takamol_get_car_bookings_data - INFO - Data saved to C:\Users\snaip\Documents\work\API_Integration_and_Data_Migration_Car_Bookings_new\data/raw/takamol\A M G A RENT A CAR L.L.C.\takamol_cars_data_20240802192425.csv
2024-08-02 19:24:25 - takamol_get_car_bookings_data - INFO - Start fetching takamol for GOLDEN KEY RENT CAR L.L.C.
2024-08-02 19:24:25 - takamol_get_car_bookings_data - INFO - 86 cars fetched.
2024-08-02 19:24:25 - takamol_get_car_bookings_data - INFO - Data saved to C:\Users\snaip\Documents\work\API_Integration_and_Data_Migration_Car_Bookings_new\data/raw/takamol\AL MONSEF RENT A CAR L.L.C.\takamol_cars_data_20240802192425.csv
2024-08-02 19:24:25 - takamol_get_car_bookings_data - INFO - Start fetching takamol for ROTANA STAR RENT A CAR
2024-08-02 19:24:28 - takamol_get_car_bookings_data - INFO - Start fetching takamol for AUTOBOTS RENT A CAR L.L.C.
2024-08-02 19:24:28 - takamol_get_car_bookings_data - INFO - 386 cars fetched.
2024-08-02 19:24:28 - takamol_get_car_bookings_data - INFO - Data saved to C:\Users\snaip\Documents\work\API_Integration_and_Data_Migration_Car_Bookings_new\data/raw/takamol\ROTANA STAR RENT A CAR\takamol_cars_data_20240802192428.csv
2024-08-02 19:24:29 - takamol_get_car_bookings_data - INFO - 151 cars fetched.
2024-08-02 19:24:29 - takamol_get_car_bookings_data - INFO - Data saved to C:\Users\snaip\Documents\work\API_Integration_and_Data_Migration_Car_Bookings_new\data/raw/takamol\GOLDEN KEY RENT CAR L.L.C.\takamol_cars_data_20240802192429.csv
2024-08-02 19:24:29 - takamol_get_car_bookings_data - INFO - 50 cars fetched.
2024-08-02 19:24:29 - takamol_get_car_bookings_data - INFO - Data saved to C:\Users\snaip\Documents\work\API_Integration_and_Data_Migration_Car_Bookings_new\data/raw/takamol\AUTOBOTS RENT A CAR L.L.C.\takamol_cars_data_20240802192429.csv
2024-08-02 19:24:30 - takamol_get_car_bookings_data - INFO - Start fetching takamol for AVENTADOR 1 CAR RENTAL
2024-08-02 19:24:31 - takamol_get_car_bookings_data - INFO - Start fetching takamol for DREAMZ RENT A CAR L.L.C.
2024-08-02 19:24:32 - takamol_get_car_bookings_data - INFO - 118 cars fetched.
2024-08-02 19:24:32 - takamol_get_car_bookings_data - INFO - Data saved to C:\Users\snaip\Documents\work\API_Integration_and_Data_Migration_Car_Bookings_new\data/raw/takamol\AVENTADOR 1 CAR RENTAL\takamol_cars_data_20240802192432.csv
2024-08-02 19:24:33 - takamol_get_car_bookings_data - INFO - 63 cars fetched.
2024-08-02 19:24:33 - takamol_get_car_bookings_data - INFO - Data saved to C:\Users\snaip\Documents\work\API_Integration_and_Data_Migration_Car_Bookings_new\data/raw/takamol\DREAMZ RENT A CAR L.L.C.\takamol_cars_data_20240802192433.csv
2024-08-02 19:24:34 - takamol_get_car_bookings_data - INFO - Start fetching takamol for HOUSTON LUXURY RENT A CAR
2024-08-02 19:24:35 - takamol_get_car_bookings_data - INFO - Start fetching takamol for LUXURY SPORTS CAR RENTAL L.L.C.
2024-08-02 19:24:36 - takamol_get_car_bookings_data - INFO - 233 cars fetched.
2024-08-02 19:24:36 - takamol_get_car_bookings_data - INFO - Data saved to C:\Users\snaip\Documents\work\API_Integration_and_Data_Migration_Car_Bookings_new\data/raw/takamol\HOUSTON LUXURY RENT A CAR\takamol_cars_data_20240802192436.csv
2024-08-02 19:24:36 - takamol_get_car_bookings_data - INFO - Start fetching takamol for MASTERKEY RENT A CAR L.L.C.
2024-08-02 19:24:36 - takamol_get_car_bookings_data - INFO - 15 cars fetched.
2024-08-02 19:24:36 - takamol_get_car_bookings_data - INFO - Data saved to C:\Users\snaip\Documents\work\API_Integration_and_Data_Migration_Car_Bookings_new\data/raw/takamol\LUXURY SPORTS CAR RENTAL L.L.C.\takamol_cars_data_20240802192436.csv
2024-08-02 19:24:37 - takamol_get_car_bookings_data - INFO - Start fetching takamol for FAST EXPRESS RENT A CAR L.L.C.
2024-08-02 19:24:40 - takamol_get_car_bookings_data - INFO - 433 cars fetched.
2024-08-02 19:24:40 - takamol_get_car_bookings_data - INFO - Data saved to C:\Users\snaip\Documents\work\API_Integration_and_Data_Migration_Car_Bookings_new\data/raw/takamol\FAST EXPRESS RENT A CAR L.L.C.\takamol_cars_data_20240802192440.csv
2024-08-02 19:24:41 - takamol_get_car_bookings_data - INFO - 407 cars fetched.
2024-08-02 19:24:41 - takamol_get_car_bookings_data - INFO - Data saved to C:\Users\snaip\Documents\work\API_Integration_and_Data_Migration_Car_Bookings_new\data/raw/takamol\MASTERKEY RENT A CAR L.L.C.\takamol_cars_data_20240802192441.csv
2024-08-02 19:24:42 - takamol_get_car_bookings_data - INFO - Start fetching takamol for X CAR RENTAL
2024-08-02 19:24:44 - takamol_get_car_bookings_data - INFO - 217 cars fetched.
2024-08-02 19:24:44 - takamol_get_car_bookings_data - INFO - Data saved to C:\Users\snaip\Documents\work\API_Integration_and_Data_Migration_Car_Bookings_new\data/raw/takamol\X CAR RENTAL\takamol_cars_data_20240802192444.csv
