2024-08-02 00:33:18 - takamol_get_car_bookings_data - INFO - Start fetching takamol for AL MONSEF RENT A CAR L.L.C.
2024-08-02 00:33:19 - takamol_get_car_bookings_data - INFO - Start fetching takamol for A M G A RENT A CAR L.L.C.
2024-08-02 00:33:20 - takamol_get_car_bookings_data - INFO - Start fetching takamol for GOLDEN KEY RENT CAR L.L.C.
2024-08-02 00:33:20 - takamol_get_car_bookings_data - INFO - 86 cars fetched.
2024-08-02 00:33:20 - takamol_get_car_bookings_data - INFO - Data saved to C:\Users\snaip\Documents\work\API_Integration_and_Data_Migration_Car_Bookings_new\data/raw/takamol\AL MONSEF RENT A CAR L.L.C.\takamol_cars_data_20240802003320.csv
2024-08-02 00:33:20 - takamol_get_car_bookings_data - INFO - 50 cars fetched.
2024-08-02 00:33:20 - takamol_get_car_bookings_data - INFO - Data saved to C:\Users\snaip\Documents\work\API_Integration_and_Data_Migration_Car_Bookings_new\data/raw/takamol\A M G A RENT A CAR L.L.C.\takamol_cars_data_20240802003320.csv
2024-08-02 00:33:20 - takamol_get_car_bookings_data - INFO - Start fetching takamol for ROTANA STAR RENT A CAR
2024-08-02 00:33:21 - takamol_get_car_bookings_data - INFO - 153 cars fetched.
2024-08-02 00:33:21 - takamol_get_car_bookings_data - INFO - Data saved to C:\Users\snaip\Documents\work\API_Integration_and_Data_Migration_Car_Bookings_new\data/raw/takamol\GOLDEN KEY RENT CAR L.L.C.\takamol_cars_data_20240802003321.csv
2024-08-02 00:33:22 - takamol_get_car_bookings_data - INFO - Start fetching takamol for AUTOBOTS RENT A CAR L.L.C.
2024-08-02 00:33:23 - takamol_get_car_bookings_data - INFO - 386 cars fetched.
2024-08-02 00:33:23 - takamol_get_car_bookings_data - INFO - Data saved to C:\Users\snaip\Documents\work\API_Integration_and_Data_Migration_Car_Bookings_new\data/raw/takamol\ROTANA STAR RENT A CAR\takamol_cars_data_20240802003323.csv
2024-08-02 00:33:23 - takamol_get_car_bookings_data - INFO - Start fetching takamol for AVENTADOR 1 CAR RENTAL
2024-08-02 00:33:24 - takamol_get_car_bookings_data - INFO - 50 cars fetched.
2024-08-02 00:33:24 - takamol_get_car_bookings_data - INFO - Data saved to C:\Users\snaip\Documents\work\API_Integration_and_Data_Migration_Car_Bookings_new\data/raw/takamol\AUTOBOTS RENT A CAR L.L.C.\takamol_cars_data_20240802003324.csv
2024-08-02 00:33:24 - takamol_get_car_bookings_data - INFO - Start fetching takamol for DREAMZ RENT A CAR L.L.C.
2024-08-02 00:33:24 - takamol_get_car_bookings_data - INFO - 118 cars fetched.
2024-08-02 00:33:24 - takamol_get_car_bookings_data - INFO - Data saved to C:\Users\snaip\Documents\work\API_Integration_and_Data_Migration_Car_Bookings_new\data/raw/takamol\AVENTADOR 1 CAR RENTAL\takamol_cars_data_20240802003324.csv
2024-08-02 00:33:25 - takamol_get_car_bookings_data - INFO - 63 cars fetched.
2024-08-02 00:33:25 - takamol_get_car_bookings_data - INFO - Data saved to C:\Users\snaip\Documents\work\API_Integration_and_Data_Migration_Car_Bookings_new\data/raw/takamol\DREAMZ RENT A CAR L.L.C.\takamol_cars_data_20240802003325.csv
2024-08-02 00:33:27 - takamol_get_car_bookings_data - INFO - Start fetching takamol for HOUSTON LUXURY RENT A CAR
2024-08-02 00:33:27 - takamol_get_car_bookings_data - INFO - Start fetching takamol for LUXURY SPORTS CAR RENTAL L.L.C.
2024-08-02 00:33:28 - takamol_get_car_bookings_data - INFO - 15 cars fetched.
2024-08-02 00:33:28 - takamol_get_car_bookings_data - INFO - Data saved to C:\Users\snaip\Documents\work\API_Integration_and_Data_Migration_Car_Bookings_new\data/raw/takamol\LUXURY SPORTS CAR RENTAL L.L.C.\takamol_cars_data_20240802003328.csv
2024-08-02 00:33:29 - takamol_get_car_bookings_data - INFO - 232 cars fetched.
2024-08-02 00:33:29 - takamol_get_car_bookings_data - INFO - Data saved to C:\Users\snaip\Documents\work\API_Integration_and_Data_Migration_Car_Bookings_new\data/raw/takamol\HOUSTON LUXURY RENT A CAR\takamol_cars_data_20240802003329.csv
2024-08-02 00:33:30 - takamol_get_car_bookings_data - INFO - Start fetching takamol for FAST EXPRESS RENT A CAR L.L.C.
2024-08-02 00:33:32 - takamol_get_car_bookings_data - INFO - Start fetching takamol for X CAR RENTAL
2024-08-02 00:33:32 - takamol_get_car_bookings_data - INFO - 433 cars fetched.
2024-08-02 00:33:32 - takamol_get_car_bookings_data - INFO - Data saved to C:\Users\snaip\Documents\work\API_Integration_and_Data_Migration_Car_Bookings_new\data/raw/takamol\FAST EXPRESS RENT A CAR L.L.C.\takamol_cars_data_20240802003332.csv
2024-08-02 00:33:34 - takamol_get_car_bookings_data - INFO - 217 cars fetched.
2024-08-02 00:33:34 - takamol_get_car_bookings_data - INFO - Data saved to C:\Users\snaip\Documents\work\API_Integration_and_Data_Migration_Car_Bookings_new\data/raw/takamol\X CAR RENTAL\takamol_cars_data_20240802003334.csv
2024-08-02 00:33:49 - takamol_get_car_bookings_data - INFO - Start fetching takamol for MASTERKEY RENT A CAR L.L.C.
2024-08-02 00:33:52 - takamol_get_car_bookings_data - INFO - 405 cars fetched.
2024-08-02 00:33:52 - takamol_get_car_bookings_data - INFO - Data saved to C:\Users\snaip\Documents\work\API_Integration_and_Data_Migration_Car_Bookings_new\data/raw/takamol\MASTERKEY RENT A CAR L.L.C.\takamol_cars_data_20240802003352.csv
