2024-08-02 19:24:23 - ya_data_join - INFO - Fetching latest CSV file from C:\Users\snaip\Documents\work\API_Integration_and_Data_Migration_Car_Bookings_new\data/raw/yango_cars\AL MONSEF RENT A CAR L.L.C. with pattern *yango_cars*.csv
2024-08-02 19:24:23 - ya_data_join - INFO - Latest file found: C:\Users\snaip\Documents\work\API_Integration_and_Data_Migration_Car_Bookings_new\data/raw/yango_cars\AL MONSEF RENT A CAR L.L.C.\yango_cars_data_20240802192422.csv
2024-08-02 19:24:24 - ya_data_join - INFO - Loaded file: C:\Users\snaip\Documents\work\API_Integration_and_Data_Migration_Car_Bookings_new\data/raw/yango_cars\AL MONSEF RENT A CAR L.L.C.\yango_cars_data_20240802192422.csv
2024-08-02 19:24:24 - ya_data_join - INFO - Fetching latest CSV file from C:\Users\snaip\Documents\work\API_Integration_and_Data_Migration_Car_Bookings_new\data/raw/yango_cars\AL MONSEF RENT A CAR L.L.C. with pattern *yango_model*.csv
2024-08-02 19:24:24 - ya_data_join - INFO - Latest file found: C:\Users\snaip\Documents\work\API_Integration_and_Data_Migration_Car_Bookings_new\data/raw/yango_cars\AL MONSEF RENT A CAR L.L.C.\yango_model_list_20240802192423.csv
2024-08-02 19:24:24 - ya_data_join - INFO - Loaded file: C:\Users\snaip\Documents\work\API_Integration_and_Data_Migration_Car_Bookings_new\data/raw/yango_cars\AL MONSEF RENT A CAR L.L.C.\yango_model_list_20240802192423.csv
2024-08-02 19:24:24 - ya_data_join - INFO - Fetching latest CSV file from C:\Users\snaip\Documents\work\API_Integration_and_Data_Migration_Car_Bookings_new\data/raw/yango_cars\A M G A RENT A CAR L.L.C. with pattern *yango_cars*.csv
2024-08-02 19:24:24 - ya_data_join - INFO - Merged data saved to: C:\Users\snaip\Documents\work\API_Integration_and_Data_Migration_Car_Bookings_new\data/processing/yango_cars\AL MONSEF RENT A CAR L.L.C.\merged_yango_data_20240802192424.csv
2024-08-02 19:24:24 - ya_data_join - INFO - Latest file found: C:\Users\snaip\Documents\work\API_Integration_and_Data_Migration_Car_Bookings_new\data/raw/yango_cars\A M G A RENT A CAR L.L.C.\yango_cars_data_20240802192422.csv
2024-08-02 19:24:24 - ya_data_join - INFO - Loaded file: C:\Users\snaip\Documents\work\API_Integration_and_Data_Migration_Car_Bookings_new\data/raw/yango_cars\A M G A RENT A CAR L.L.C.\yango_cars_data_20240802192422.csv
2024-08-02 19:24:24 - ya_data_join - INFO - Fetching latest CSV file from C:\Users\snaip\Documents\work\API_Integration_and_Data_Migration_Car_Bookings_new\data/raw/yango_cars\A M G A RENT A CAR L.L.C. with pattern *yango_model*.csv
2024-08-02 19:24:24 - ya_data_join - INFO - Latest file found: C:\Users\snaip\Documents\work\API_Integration_and_Data_Migration_Car_Bookings_new\data/raw/yango_cars\A M G A RENT A CAR L.L.C.\yango_model_list_20240802192424.csv
2024-08-02 19:24:24 - ya_data_join - INFO - Loaded file: C:\Users\snaip\Documents\work\API_Integration_and_Data_Migration_Car_Bookings_new\data/raw/yango_cars\A M G A RENT A CAR L.L.C.\yango_model_list_20240802192424.csv
2024-08-02 19:24:24 - ya_data_join - INFO - Merged data saved to: C:\Users\snaip\Documents\work\API_Integration_and_Data_Migration_Car_Bookings_new\data/processing/yango_cars\A M G A RENT A CAR L.L.C.\merged_yango_data_20240802192424.csv
2024-08-02 19:24:25 - ya_data_join - INFO - Fetching latest CSV file from C:\Users\snaip\Documents\work\API_Integration_and_Data_Migration_Car_Bookings_new\data/raw/yango_cars\GOLDEN KEY RENT CAR L.L.C. with pattern *yango_cars*.csv
2024-08-02 19:24:25 - ya_data_join - INFO - Latest file found: C:\Users\snaip\Documents\work\API_Integration_and_Data_Migration_Car_Bookings_new\data/raw/yango_cars\GOLDEN KEY RENT CAR L.L.C.\yango_cars_data_20240802192424.csv
2024-08-02 19:24:25 - ya_data_join - INFO - Loaded file: C:\Users\snaip\Documents\work\API_Integration_and_Data_Migration_Car_Bookings_new\data/raw/yango_cars\GOLDEN KEY RENT CAR L.L.C.\yango_cars_data_20240802192424.csv
2024-08-02 19:24:25 - ya_data_join - INFO - Fetching latest CSV file from C:\Users\snaip\Documents\work\API_Integration_and_Data_Migration_Car_Bookings_new\data/raw/yango_cars\GOLDEN KEY RENT CAR L.L.C. with pattern *yango_model*.csv
2024-08-02 19:24:25 - ya_data_join - INFO - Latest file found: C:\Users\snaip\Documents\work\API_Integration_and_Data_Migration_Car_Bookings_new\data/raw/yango_cars\GOLDEN KEY RENT CAR L.L.C.\yango_model_list_20240802192425.csv
2024-08-02 19:24:25 - ya_data_join - INFO - Loaded file: C:\Users\snaip\Documents\work\API_Integration_and_Data_Migration_Car_Bookings_new\data/raw/yango_cars\GOLDEN KEY RENT CAR L.L.C.\yango_model_list_20240802192425.csv
2024-08-02 19:24:25 - ya_data_join - INFO - Merged data saved to: C:\Users\snaip\Documents\work\API_Integration_and_Data_Migration_Car_Bookings_new\data/processing/yango_cars\GOLDEN KEY RENT CAR L.L.C.\merged_yango_data_20240802192425.csv
2024-08-02 19:24:25 - ya_data_join - INFO - Fetching latest CSV file from C:\Users\snaip\Documents\work\API_Integration_and_Data_Migration_Car_Bookings_new\data/raw/yango_cars\ROTANA STAR RENT A CAR with pattern *yango_cars*.csv
2024-08-02 19:24:25 - ya_data_join - INFO - Latest file found: C:\Users\snaip\Documents\work\API_Integration_and_Data_Migration_Car_Bookings_new\data/raw/yango_cars\ROTANA STAR RENT A CAR\yango_cars_data_20240802192424.csv
2024-08-02 19:24:25 - ya_data_join - INFO - Loaded file: C:\Users\snaip\Documents\work\API_Integration_and_Data_Migration_Car_Bookings_new\data/raw/yango_cars\ROTANA STAR RENT A CAR\yango_cars_data_20240802192424.csv
2024-08-02 19:24:25 - ya_data_join - INFO - Fetching latest CSV file from C:\Users\snaip\Documents\work\API_Integration_and_Data_Migration_Car_Bookings_new\data/raw/yango_cars\ROTANA STAR RENT A CAR with pattern *yango_model*.csv
2024-08-02 19:24:25 - ya_data_join - INFO - Latest file found: C:\Users\snaip\Documents\work\API_Integration_and_Data_Migration_Car_Bookings_new\data/raw/yango_cars\ROTANA STAR RENT A CAR\yango_model_list_20240802192425.csv
2024-08-02 19:24:25 - ya_data_join - INFO - Loaded file: C:\Users\snaip\Documents\work\API_Integration_and_Data_Migration_Car_Bookings_new\data/raw/yango_cars\ROTANA STAR RENT A CAR\yango_model_list_20240802192425.csv
2024-08-02 19:24:25 - ya_data_join - INFO - Merged data saved to: C:\Users\snaip\Documents\work\API_Integration_and_Data_Migration_Car_Bookings_new\data/processing/yango_cars\ROTANA STAR RENT A CAR\merged_yango_data_20240802192425.csv
2024-08-02 19:24:28 - ya_data_join - INFO - Fetching latest CSV file from C:\Users\snaip\Documents\work\API_Integration_and_Data_Migration_Car_Bookings_new\data/raw/yango_cars\AUTOBOTS RENT A CAR L.L.C. with pattern *yango_cars*.csv
2024-08-02 19:24:28 - ya_data_join - INFO - Latest file found: C:\Users\snaip\Documents\work\API_Integration_and_Data_Migration_Car_Bookings_new\data/raw/yango_cars\AUTOBOTS RENT A CAR L.L.C.\yango_cars_data_20240802192427.csv
2024-08-02 19:24:28 - ya_data_join - INFO - Loaded file: C:\Users\snaip\Documents\work\API_Integration_and_Data_Migration_Car_Bookings_new\data/raw/yango_cars\AUTOBOTS RENT A CAR L.L.C.\yango_cars_data_20240802192427.csv
2024-08-02 19:24:28 - ya_data_join - INFO - Fetching latest CSV file from C:\Users\snaip\Documents\work\API_Integration_and_Data_Migration_Car_Bookings_new\data/raw/yango_cars\AUTOBOTS RENT A CAR L.L.C. with pattern *yango_model*.csv
2024-08-02 19:24:28 - ya_data_join - INFO - Latest file found: C:\Users\snaip\Documents\work\API_Integration_and_Data_Migration_Car_Bookings_new\data/raw/yango_cars\AUTOBOTS RENT A CAR L.L.C.\yango_model_list_20240802192428.csv
2024-08-02 19:24:28 - ya_data_join - INFO - Loaded file: C:\Users\snaip\Documents\work\API_Integration_and_Data_Migration_Car_Bookings_new\data/raw/yango_cars\AUTOBOTS RENT A CAR L.L.C.\yango_model_list_20240802192428.csv
2024-08-02 19:24:28 - ya_data_join - INFO - Merged data saved to: C:\Users\snaip\Documents\work\API_Integration_and_Data_Migration_Car_Bookings_new\data/processing/yango_cars\AUTOBOTS RENT A CAR L.L.C.\merged_yango_data_20240802192428.csv
2024-08-02 19:24:30 - ya_data_join - INFO - Fetching latest CSV file from C:\Users\snaip\Documents\work\API_Integration_and_Data_Migration_Car_Bookings_new\data/raw/yango_cars\AVENTADOR 1 CAR RENTAL with pattern *yango_cars*.csv
2024-08-02 19:24:30 - ya_data_join - INFO - Latest file found: C:\Users\snaip\Documents\work\API_Integration_and_Data_Migration_Car_Bookings_new\data/raw/yango_cars\AVENTADOR 1 CAR RENTAL\yango_cars_data_20240802192429.csv
2024-08-02 19:24:30 - ya_data_join - INFO - Loaded file: C:\Users\snaip\Documents\work\API_Integration_and_Data_Migration_Car_Bookings_new\data/raw/yango_cars\AVENTADOR 1 CAR RENTAL\yango_cars_data_20240802192429.csv
2024-08-02 19:24:30 - ya_data_join - INFO - Fetching latest CSV file from C:\Users\snaip\Documents\work\API_Integration_and_Data_Migration_Car_Bookings_new\data/raw/yango_cars\AVENTADOR 1 CAR RENTAL with pattern *yango_model*.csv
2024-08-02 19:24:30 - ya_data_join - INFO - Latest file found: C:\Users\snaip\Documents\work\API_Integration_and_Data_Migration_Car_Bookings_new\data/raw/yango_cars\AVENTADOR 1 CAR RENTAL\yango_model_list_20240802192430.csv
2024-08-02 19:24:30 - ya_data_join - INFO - Loaded file: C:\Users\snaip\Documents\work\API_Integration_and_Data_Migration_Car_Bookings_new\data/raw/yango_cars\AVENTADOR 1 CAR RENTAL\yango_model_list_20240802192430.csv
2024-08-02 19:24:30 - ya_data_join - INFO - Merged data saved to: C:\Users\snaip\Documents\work\API_Integration_and_Data_Migration_Car_Bookings_new\data/processing/yango_cars\AVENTADOR 1 CAR RENTAL\merged_yango_data_20240802192430.csv
2024-08-02 19:24:31 - ya_data_join - INFO - Fetching latest CSV file from C:\Users\snaip\Documents\work\API_Integration_and_Data_Migration_Car_Bookings_new\data/raw/yango_cars\DREAMZ RENT A CAR L.L.C. with pattern *yango_cars*.csv
2024-08-02 19:24:31 - ya_data_join - INFO - Latest file found: C:\Users\snaip\Documents\work\API_Integration_and_Data_Migration_Car_Bookings_new\data/raw/yango_cars\DREAMZ RENT A CAR L.L.C.\yango_cars_data_20240802192430.csv
2024-08-02 19:24:31 - ya_data_join - INFO - Loaded file: C:\Users\snaip\Documents\work\API_Integration_and_Data_Migration_Car_Bookings_new\data/raw/yango_cars\DREAMZ RENT A CAR L.L.C.\yango_cars_data_20240802192430.csv
2024-08-02 19:24:31 - ya_data_join - INFO - Fetching latest CSV file from C:\Users\snaip\Documents\work\API_Integration_and_Data_Migration_Car_Bookings_new\data/raw/yango_cars\DREAMZ RENT A CAR L.L.C. with pattern *yango_model*.csv
2024-08-02 19:24:31 - ya_data_join - INFO - Latest file found: C:\Users\snaip\Documents\work\API_Integration_and_Data_Migration_Car_Bookings_new\data/raw/yango_cars\DREAMZ RENT A CAR L.L.C.\yango_model_list_20240802192431.csv
2024-08-02 19:24:31 - ya_data_join - INFO - Loaded file: C:\Users\snaip\Documents\work\API_Integration_and_Data_Migration_Car_Bookings_new\data/raw/yango_cars\DREAMZ RENT A CAR L.L.C.\yango_model_list_20240802192431.csv
2024-08-02 19:24:31 - ya_data_join - INFO - Merged data saved to: C:\Users\snaip\Documents\work\API_Integration_and_Data_Migration_Car_Bookings_new\data/processing/yango_cars\DREAMZ RENT A CAR L.L.C.\merged_yango_data_20240802192431.csv
2024-08-02 19:24:34 - ya_data_join - INFO - Fetching latest CSV file from C:\Users\snaip\Documents\work\API_Integration_and_Data_Migration_Car_Bookings_new\data/raw/yango_cars\HOUSTON LUXURY RENT A CAR with pattern *yango_cars*.csv
2024-08-02 19:24:34 - ya_data_join - INFO - Latest file found: C:\Users\snaip\Documents\work\API_Integration_and_Data_Migration_Car_Bookings_new\data/raw/yango_cars\HOUSTON LUXURY RENT A CAR\yango_cars_data_20240802192432.csv
2024-08-02 19:24:34 - ya_data_join - INFO - Loaded file: C:\Users\snaip\Documents\work\API_Integration_and_Data_Migration_Car_Bookings_new\data/raw/yango_cars\HOUSTON LUXURY RENT A CAR\yango_cars_data_20240802192432.csv
2024-08-02 19:24:34 - ya_data_join - INFO - Fetching latest CSV file from C:\Users\snaip\Documents\work\API_Integration_and_Data_Migration_Car_Bookings_new\data/raw/yango_cars\HOUSTON LUXURY RENT A CAR with pattern *yango_model*.csv
2024-08-02 19:24:34 - ya_data_join - INFO - Latest file found: C:\Users\snaip\Documents\work\API_Integration_and_Data_Migration_Car_Bookings_new\data/raw/yango_cars\HOUSTON LUXURY RENT A CAR\yango_model_list_20240802192434.csv
2024-08-02 19:24:34 - ya_data_join - INFO - Loaded file: C:\Users\snaip\Documents\work\API_Integration_and_Data_Migration_Car_Bookings_new\data/raw/yango_cars\HOUSTON LUXURY RENT A CAR\yango_model_list_20240802192434.csv
2024-08-02 19:24:34 - ya_data_join - INFO - Merged data saved to: C:\Users\snaip\Documents\work\API_Integration_and_Data_Migration_Car_Bookings_new\data/processing/yango_cars\HOUSTON LUXURY RENT A CAR\merged_yango_data_20240802192434.csv
2024-08-02 19:24:35 - ya_data_join - INFO - Fetching latest CSV file from C:\Users\snaip\Documents\work\API_Integration_and_Data_Migration_Car_Bookings_new\data/raw/yango_cars\LUXURY SPORTS CAR RENTAL L.L.C. with pattern *yango_cars*.csv
2024-08-02 19:24:35 - ya_data_join - INFO - Latest file found: C:\Users\snaip\Documents\work\API_Integration_and_Data_Migration_Car_Bookings_new\data/raw/yango_cars\LUXURY SPORTS CAR RENTAL L.L.C.\yango_cars_data_20240802192434.csv
2024-08-02 19:24:35 - ya_data_join - INFO - Loaded file: C:\Users\snaip\Documents\work\API_Integration_and_Data_Migration_Car_Bookings_new\data/raw/yango_cars\LUXURY SPORTS CAR RENTAL L.L.C.\yango_cars_data_20240802192434.csv
2024-08-02 19:24:35 - ya_data_join - INFO - Fetching latest CSV file from C:\Users\snaip\Documents\work\API_Integration_and_Data_Migration_Car_Bookings_new\data/raw/yango_cars\LUXURY SPORTS CAR RENTAL L.L.C. with pattern *yango_model*.csv
2024-08-02 19:24:35 - ya_data_join - INFO - Latest file found: C:\Users\snaip\Documents\work\API_Integration_and_Data_Migration_Car_Bookings_new\data/raw/yango_cars\LUXURY SPORTS CAR RENTAL L.L.C.\yango_model_list_20240802192435.csv
2024-08-02 19:24:35 - ya_data_join - INFO - Loaded file: C:\Users\snaip\Documents\work\API_Integration_and_Data_Migration_Car_Bookings_new\data/raw/yango_cars\LUXURY SPORTS CAR RENTAL L.L.C.\yango_model_list_20240802192435.csv
2024-08-02 19:24:35 - ya_data_join - INFO - Merged data saved to: C:\Users\snaip\Documents\work\API_Integration_and_Data_Migration_Car_Bookings_new\data/processing/yango_cars\LUXURY SPORTS CAR RENTAL L.L.C.\merged_yango_data_20240802192435.csv
2024-08-02 19:24:36 - ya_data_join - INFO - Fetching latest CSV file from C:\Users\snaip\Documents\work\API_Integration_and_Data_Migration_Car_Bookings_new\data/raw/yango_cars\MASTERKEY RENT A CAR L.L.C. with pattern *yango_cars*.csv
2024-08-02 19:24:36 - ya_data_join - INFO - Latest file found: C:\Users\snaip\Documents\work\API_Integration_and_Data_Migration_Car_Bookings_new\data/raw/yango_cars\MASTERKEY RENT A CAR L.L.C.\yango_cars_data_20240802192435.csv
2024-08-02 19:24:36 - ya_data_join - INFO - Loaded file: C:\Users\snaip\Documents\work\API_Integration_and_Data_Migration_Car_Bookings_new\data/raw/yango_cars\MASTERKEY RENT A CAR L.L.C.\yango_cars_data_20240802192435.csv
2024-08-02 19:24:36 - ya_data_join - INFO - Fetching latest CSV file from C:\Users\snaip\Documents\work\API_Integration_and_Data_Migration_Car_Bookings_new\data/raw/yango_cars\MASTERKEY RENT A CAR L.L.C. with pattern *yango_model*.csv
2024-08-02 19:24:36 - ya_data_join - INFO - Latest file found: C:\Users\snaip\Documents\work\API_Integration_and_Data_Migration_Car_Bookings_new\data/raw/yango_cars\MASTERKEY RENT A CAR L.L.C.\yango_model_list_20240802192436.csv
2024-08-02 19:24:36 - ya_data_join - INFO - Loaded file: C:\Users\snaip\Documents\work\API_Integration_and_Data_Migration_Car_Bookings_new\data/raw/yango_cars\MASTERKEY RENT A CAR L.L.C.\yango_model_list_20240802192436.csv
2024-08-02 19:24:36 - ya_data_join - INFO - Merged data saved to: C:\Users\snaip\Documents\work\API_Integration_and_Data_Migration_Car_Bookings_new\data/processing/yango_cars\MASTERKEY RENT A CAR L.L.C.\merged_yango_data_20240802192436.csv
2024-08-02 19:24:37 - ya_data_join - INFO - Fetching latest CSV file from C:\Users\snaip\Documents\work\API_Integration_and_Data_Migration_Car_Bookings_new\data/raw/yango_cars\FAST EXPRESS RENT A CAR L.L.C. with pattern *yango_cars*.csv
2024-08-02 19:24:37 - ya_data_join - INFO - Latest file found: C:\Users\snaip\Documents\work\API_Integration_and_Data_Migration_Car_Bookings_new\data/raw/yango_cars\FAST EXPRESS RENT A CAR L.L.C.\yango_cars_data_20240802192436.csv
2024-08-02 19:24:37 - ya_data_join - INFO - Loaded file: C:\Users\snaip\Documents\work\API_Integration_and_Data_Migration_Car_Bookings_new\data/raw/yango_cars\FAST EXPRESS RENT A CAR L.L.C.\yango_cars_data_20240802192436.csv
2024-08-02 19:24:37 - ya_data_join - INFO - Fetching latest CSV file from C:\Users\snaip\Documents\work\API_Integration_and_Data_Migration_Car_Bookings_new\data/raw/yango_cars\FAST EXPRESS RENT A CAR L.L.C. with pattern *yango_model*.csv
2024-08-02 19:24:37 - ya_data_join - INFO - Latest file found: C:\Users\snaip\Documents\work\API_Integration_and_Data_Migration_Car_Bookings_new\data/raw/yango_cars\FAST EXPRESS RENT A CAR L.L.C.\yango_model_list_20240802192437.csv
2024-08-02 19:24:37 - ya_data_join - INFO - Loaded file: C:\Users\snaip\Documents\work\API_Integration_and_Data_Migration_Car_Bookings_new\data/raw/yango_cars\FAST EXPRESS RENT A CAR L.L.C.\yango_model_list_20240802192437.csv
2024-08-02 19:24:37 - ya_data_join - INFO - Merged data saved to: C:\Users\snaip\Documents\work\API_Integration_and_Data_Migration_Car_Bookings_new\data/processing/yango_cars\FAST EXPRESS RENT A CAR L.L.C.\merged_yango_data_20240802192437.csv
2024-08-02 19:24:42 - ya_data_join - INFO - Fetching latest CSV file from C:\Users\snaip\Documents\work\API_Integration_and_Data_Migration_Car_Bookings_new\data/raw/yango_cars\X CAR RENTAL with pattern *yango_cars*.csv
2024-08-02 19:24:42 - ya_data_join - INFO - Latest file found: C:\Users\snaip\Documents\work\API_Integration_and_Data_Migration_Car_Bookings_new\data/raw/yango_cars\X CAR RENTAL\yango_cars_data_20240802192440.csv
2024-08-02 19:24:42 - ya_data_join - INFO - Loaded file: C:\Users\snaip\Documents\work\API_Integration_and_Data_Migration_Car_Bookings_new\data/raw/yango_cars\X CAR RENTAL\yango_cars_data_20240802192440.csv
2024-08-02 19:24:42 - ya_data_join - INFO - Fetching latest CSV file from C:\Users\snaip\Documents\work\API_Integration_and_Data_Migration_Car_Bookings_new\data/raw/yango_cars\X CAR RENTAL with pattern *yango_model*.csv
2024-08-02 19:24:42 - ya_data_join - INFO - Latest file found: C:\Users\snaip\Documents\work\API_Integration_and_Data_Migration_Car_Bookings_new\data/raw/yango_cars\X CAR RENTAL\yango_model_list_20240802192442.csv
2024-08-02 19:24:42 - ya_data_join - INFO - Loaded file: C:\Users\snaip\Documents\work\API_Integration_and_Data_Migration_Car_Bookings_new\data/raw/yango_cars\X CAR RENTAL\yango_model_list_20240802192442.csv
2024-08-02 19:24:42 - ya_data_join - INFO - Merged data saved to: C:\Users\snaip\Documents\work\API_Integration_and_Data_Migration_Car_Bookings_new\data/processing/yango_cars\X CAR RENTAL\merged_yango_data_20240802192442.csv
2024-08-02 19:24:46 - ya_data_join - INFO - Fetching latest CSV file from C:\Users\snaip\Documents\work\API_Integration_and_Data_Migration_Car_Bookings_new\data/raw/yango_cars\HEXA CAR RENTAL with pattern *yango_cars*.csv
2024-08-02 19:24:46 - ya_data_join - INFO - Latest file found: C:\Users\snaip\Documents\work\API_Integration_and_Data_Migration_Car_Bookings_new\data/raw/yango_cars\HEXA CAR RENTAL\yango_cars_data_20240802192445.csv
2024-08-02 19:24:46 - ya_data_join - INFO - Loaded file: C:\Users\snaip\Documents\work\API_Integration_and_Data_Migration_Car_Bookings_new\data/raw/yango_cars\HEXA CAR RENTAL\yango_cars_data_20240802192445.csv
2024-08-02 19:24:46 - ya_data_join - INFO - Fetching latest CSV file from C:\Users\snaip\Documents\work\API_Integration_and_Data_Migration_Car_Bookings_new\data/raw/yango_cars\HEXA CAR RENTAL with pattern *yango_model*.csv
2024-08-02 19:24:46 - ya_data_join - INFO - Latest file found: C:\Users\snaip\Documents\work\API_Integration_and_Data_Migration_Car_Bookings_new\data/raw/yango_cars\HEXA CAR RENTAL\yango_model_list_20240802192446.csv
2024-08-02 19:24:46 - ya_data_join - INFO - Loaded file: C:\Users\snaip\Documents\work\API_Integration_and_Data_Migration_Car_Bookings_new\data/raw/yango_cars\HEXA CAR RENTAL\yango_model_list_20240802192446.csv
2024-08-02 19:24:46 - ya_data_join - INFO - Merged data saved to: C:\Users\snaip\Documents\work\API_Integration_and_Data_Migration_Car_Bookings_new\data/processing/yango_cars\HEXA CAR RENTAL\merged_yango_data_20240802192446.csv
2024-08-02 19:24:50 - ya_data_join - INFO - Fetching latest CSV file from C:\Users\snaip\Documents\work\API_Integration_and_Data_Migration_Car_Bookings_new\data/raw/yango_cars\CAR STREET CAR RENTAL with pattern *yango_cars*.csv
2024-08-02 19:24:50 - ya_data_join - INFO - Latest file found: C:\Users\snaip\Documents\work\API_Integration_and_Data_Migration_Car_Bookings_new\data/raw/yango_cars\CAR STREET CAR RENTAL\yango_cars_data_20240802192449.csv
2024-08-02 19:24:50 - ya_data_join - INFO - Loaded file: C:\Users\snaip\Documents\work\API_Integration_and_Data_Migration_Car_Bookings_new\data/raw/yango_cars\CAR STREET CAR RENTAL\yango_cars_data_20240802192449.csv
2024-08-02 19:24:50 - ya_data_join - INFO - Fetching latest CSV file from C:\Users\snaip\Documents\work\API_Integration_and_Data_Migration_Car_Bookings_new\data/raw/yango_cars\CAR STREET CAR RENTAL with pattern *yango_model*.csv
2024-08-02 19:24:50 - ya_data_join - INFO - Latest file found: C:\Users\snaip\Documents\work\API_Integration_and_Data_Migration_Car_Bookings_new\data/raw/yango_cars\CAR STREET CAR RENTAL\yango_model_list_20240802192450.csv
2024-08-02 19:24:50 - ya_data_join - INFO - Loaded file: C:\Users\snaip\Documents\work\API_Integration_and_Data_Migration_Car_Bookings_new\data/raw/yango_cars\CAR STREET CAR RENTAL\yango_model_list_20240802192450.csv
2024-08-02 19:24:50 - ya_data_join - INFO - Merged data saved to: C:\Users\snaip\Documents\work\API_Integration_and_Data_Migration_Car_Bookings_new\data/processing/yango_cars\CAR STREET CAR RENTAL\merged_yango_data_20240802192450.csv
2024-08-02 19:24:51 - ya_data_join - INFO - Fetching latest CSV file from C:\Users\snaip\Documents\work\API_Integration_and_Data_Migration_Car_Bookings_new\data/raw/yango_cars\AL EMAD CAR RENTAL with pattern *yango_cars*.csv
2024-08-02 19:24:51 - ya_data_join - INFO - Latest file found: C:\Users\snaip\Documents\work\API_Integration_and_Data_Migration_Car_Bookings_new\data/raw/yango_cars\AL EMAD CAR RENTAL\yango_cars_data_20240802192449.csv
2024-08-02 19:24:51 - ya_data_join - INFO - Loaded file: C:\Users\snaip\Documents\work\API_Integration_and_Data_Migration_Car_Bookings_new\data/raw/yango_cars\AL EMAD CAR RENTAL\yango_cars_data_20240802192449.csv
2024-08-02 19:24:51 - ya_data_join - INFO - Fetching latest CSV file from C:\Users\snaip\Documents\work\API_Integration_and_Data_Migration_Car_Bookings_new\data/raw/yango_cars\AL EMAD CAR RENTAL with pattern *yango_model*.csv
2024-08-02 19:24:51 - ya_data_join - INFO - Latest file found: C:\Users\snaip\Documents\work\API_Integration_and_Data_Migration_Car_Bookings_new\data/raw/yango_cars\AL EMAD CAR RENTAL\yango_model_list_20240802192451.csv
2024-08-02 19:24:51 - ya_data_join - INFO - Loaded file: C:\Users\snaip\Documents\work\API_Integration_and_Data_Migration_Car_Bookings_new\data/raw/yango_cars\AL EMAD CAR RENTAL\yango_model_list_20240802192451.csv
2024-08-02 19:24:52 - ya_data_join - INFO - Merged data saved to: C:\Users\snaip\Documents\work\API_Integration_and_Data_Migration_Car_Bookings_new\data/processing/yango_cars\AL EMAD CAR RENTAL\merged_yango_data_20240802192451.csv
