2024-08-01 22:13:24 - main - INFO - start processing data for ROTANA STAR RENT A CAR...
2024-08-01 22:13:24 - main - INFO - start processing data for GOLDEN KEY RENT CAR L.L.C....
2024-08-01 22:13:24 - main - INFO - Получаем бронирования и данные по машинам с ya...
2024-08-01 22:13:24 - main - INFO - start processing data for A M G A RENT A CAR L.L.C....
2024-08-01 22:13:24 - main - INFO - start processing data for AL MONSEF RENT A CAR L.L.C....
2024-08-01 22:13:24 - main - INFO - Получаем бронирования и данные по машинам с ya...
2024-08-01 22:13:24 - main - INFO - Получаем бронирования и данные по машинам с ya...
2024-08-01 22:13:24 - main - INFO - Получаем бронирования и данные по машинам с ya...
2024-08-01 22:13:29 - main - INFO - Получение данных по бронированиям с takamol...
2024-08-01 22:13:29 - main - INFO - Получение данных по бронированиям с takamol...
2024-08-01 22:13:30 - main - INFO - start processing data for AUTOBOTS RENT A CAR L.L.C....
2024-08-01 22:13:30 - main - INFO - Получаем бронирования и данные по машинам с ya...
2024-08-01 22:13:30 - main - INFO - start processing data for AVENTADOR 1 CAR RENTAL...
2024-08-01 22:13:30 - main - INFO - Получаем бронирования и данные по машинам с ya...
2024-08-01 22:13:31 - main - INFO - Получение данных по бронированиям с takamol...
2024-08-01 22:13:32 - main - INFO - Получение данных по бронированиям с takamol...
2024-08-01 22:13:32 - main - INFO - start processing data for DREAMZ RENT A CAR L.L.C....
2024-08-01 22:13:32 - main - INFO - Получаем бронирования и данные по машинам с ya...
2024-08-01 22:13:33 - main - INFO - Получение данных по бронированиям с takamol...
2024-08-01 22:13:34 - main - INFO - start processing data for FAST EXPRESS RENT A CAR L.L.C....
2024-08-01 22:13:34 - main - INFO - Получаем бронирования и данные по машинам с ya...
2024-08-01 22:13:35 - main - INFO - start processing data for HOUSTON LUXURY RENT A CAR...
2024-08-01 22:13:35 - main - INFO - Получаем бронирования и данные по машинам с ya...
2024-08-01 22:13:35 - main - INFO - Получение данных по бронированиям с takamol...
2024-08-01 22:13:36 - main - INFO - start processing data for LUXURY SPORTS CAR RENTAL L.L.C....
2024-08-01 22:13:36 - main - INFO - Получаем бронирования и данные по машинам с ya...
2024-08-01 22:13:38 - main - INFO - Получение данных по бронированиям с takamol...
2024-08-01 22:13:39 - main - INFO - Получение данных по бронированиям с takamol...
2024-08-01 22:13:39 - main - INFO - start processing data for MASTERKEY RENT A CAR L.L.C....
2024-08-01 22:13:39 - main - INFO - Получаем бронирования и данные по машинам с ya...
2024-08-01 22:13:40 - main - INFO - start processing data for X CAR RENTAL...
2024-08-01 22:13:40 - main - INFO - Получаем бронирования и данные по машинам с ya...
2024-08-01 22:13:42 - main - INFO - Получение данных по бронированиям с takamol...
2024-08-01 22:13:42 - main - INFO - Получение данных по бронированиям с takamol...
2024-08-01 22:13:44 - main - INFO - Получение данных по бронированиям с takamol...
2024-08-01 22:13:44 - main - INFO - start processing data for AL EMAD CAR RENTAL...
2024-08-01 22:13:44 - main - INFO - Получаем бронирования и данные по машинам с ya...
2024-08-01 22:13:45 - main - INFO - start processing data for CAR STREET CAR RENTAL...
2024-08-01 22:13:45 - main - INFO - Получаем бронирования и данные по машинам с ya...
2024-08-01 22:13:46 - main - INFO - start processing data for HEXA CAR RENTAL...
2024-08-01 22:13:46 - main - INFO - Получаем бронирования и данные по машинам с ya...
2024-08-01 22:13:49 - main - ERROR - no data or processing method for this company - HEXA CAR RENTAL,config - {'TOKEN_DRIVE_YA_TECH': 'e18e06eb-d3bc-43fd-9420-0d854b861c03', 'tag_name': 'rental_hold_vehicle_HEXA_CAR_RENTAL'}
2024-08-01 22:13:55 - main - INFO - Получение данных по бронированиям с takamol...
2024-08-01 22:13:58 - main - INFO - Получение данных по бронированиям с google_sheets...
2024-08-01 22:14:14 - main - ERROR - no data or processing method for this company - CAR STREET CAR RENTAL,config - {'TOKEN_DRIVE_YA_TECH': 'f178a725-42a0-4035-be95-33ab5f4874b5', 'tag_name': 'rental_hold_vehicle_CAR_STREET_CAR_RENTAL_L_L_C'}
