2024-08-02 00:33:15 - main - INFO - start processing data for ROTANA STAR RENT A CAR...
2024-08-02 00:33:15 - main - INFO - start processing data for GOLDEN KEY RENT CAR L.L.C....
2024-08-02 00:33:15 - main - INFO - Получаем бронирования и данные по машинам с ya...
2024-08-02 00:33:15 - main - INFO - start processing data for A M G A RENT A CAR L.L.C....
2024-08-02 00:33:15 - main - INFO - Получаем бронирования и данные по машинам с ya...
2024-08-02 00:33:15 - main - INFO - start processing data for AL MONSEF RENT A CAR L.L.C....
2024-08-02 00:33:15 - main - INFO - Получаем бронирования и данные по машинам с ya...
2024-08-02 00:33:15 - main - INFO - Получаем бронирования и данные по машинам с ya...
2024-08-02 00:33:18 - main - INFO - Получение данных по бронированиям с takamol...
2024-08-02 00:33:19 - main - INFO - Получение данных по бронированиям с takamol...
2024-08-02 00:33:20 - main - INFO - Получение данных по бронированиям с takamol...
2024-08-02 00:33:20 - main - INFO - start processing data for AUTOBOTS RENT A CAR L.L.C....
2024-08-02 00:33:20 - main - INFO - Получаем бронирования и данные по машинам с ya...
2024-08-02 00:33:20 - main - INFO - start processing data for AVENTADOR 1 CAR RENTAL...
2024-08-02 00:33:20 - main - INFO - Получаем бронирования и данные по машинам с ya...
2024-08-02 00:33:20 - main - INFO - Получение данных по бронированиям с takamol...
2024-08-02 00:33:21 - main - INFO - start processing data for DREAMZ RENT A CAR L.L.C....
2024-08-02 00:33:21 - main - INFO - Получаем бронирования и данные по машинам с ya...
2024-08-02 00:33:22 - main - INFO - Получение данных по бронированиям с takamol...
2024-08-02 00:33:23 - main - INFO - start processing data for FAST EXPRESS RENT A CAR L.L.C....
2024-08-02 00:33:23 - main - INFO - Получаем бронирования и данные по машинам с ya...
2024-08-02 00:33:23 - main - INFO - Получение данных по бронированиям с takamol...
2024-08-02 00:33:24 - main - INFO - start processing data for HOUSTON LUXURY RENT A CAR...
2024-08-02 00:33:24 - main - INFO - Получаем бронирования и данные по машинам с ya...
2024-08-02 00:33:24 - main - INFO - Получение данных по бронированиям с takamol...
2024-08-02 00:33:24 - main - INFO - start processing data for LUXURY SPORTS CAR RENTAL L.L.C....
2024-08-02 00:33:24 - main - INFO - Получаем бронирования и данные по машинам с ya...
2024-08-02 00:33:25 - main - INFO - start processing data for MASTERKEY RENT A CAR L.L.C....
2024-08-02 00:33:25 - main - INFO - Получаем бронирования и данные по машинам с ya...
2024-08-02 00:33:27 - main - INFO - Получение данных по бронированиям с takamol...
2024-08-02 00:33:27 - main - INFO - Получение данных по бронированиям с takamol...
2024-08-02 00:33:28 - main - INFO - start processing data for X CAR RENTAL...
2024-08-02 00:33:28 - main - INFO - Получаем бронирования и данные по машинам с ya...
2024-08-02 00:33:29 - main - INFO - start processing data for AL EMAD CAR RENTAL...
2024-08-02 00:33:29 - main - INFO - Получаем бронирования и данные по машинам с ya...
2024-08-02 00:33:30 - main - INFO - Получение данных по бронированиям с takamol...
2024-08-02 00:33:32 - main - INFO - Получение данных по бронированиям с takamol...
2024-08-02 00:33:32 - main - INFO - start processing data for CAR STREET CAR RENTAL...
2024-08-02 00:33:32 - main - INFO - Получаем бронирования и данные по машинам с ya...
2024-08-02 00:33:34 - main - INFO - start processing data for HEXA CAR RENTAL...
2024-08-02 00:33:34 - main - INFO - Получаем бронирования и данные по машинам с ya...
2024-08-02 00:33:37 - main - INFO - Получение данных по бронированиям с google_sheets...
2024-08-02 00:33:40 - main - INFO - Получение данных по бронированиям с google_sheets...
2024-08-02 00:33:41 - main - INFO - Получение данных по бронированиям с google_sheets...
2024-08-02 00:33:49 - main - INFO - Получение данных по бронированиям с takamol...
