2024-08-02 19:24:19 - main - INFO - start processing data for ROTANA STAR RENT A CAR...
2024-08-02 19:24:19 - main - INFO - start processing data for GOLDEN KEY RENT CAR L.L.C....
2024-08-02 19:24:19 - main - INFO - Получаем бронирования и данные по машинам с ya...
2024-08-02 19:24:19 - main - INFO - start processing data for A M G A RENT A CAR L.L.C....
2024-08-02 19:24:19 - main - INFO - start processing data for AL MONSEF RENT A CAR L.L.C....
2024-08-02 19:24:19 - main - INFO - Получаем бронирования и данные по машинам с ya...
2024-08-02 19:24:19 - main - INFO - Получаем бронирования и данные по машинам с ya...
2024-08-02 19:24:19 - main - INFO - Получаем бронирования и данные по машинам с ya...
2024-08-02 19:24:24 - main - INFO - Получение данных по бронированиям с takamol...
2024-08-02 19:24:24 - main - INFO - Получение данных по бронированиям с takamol...
2024-08-02 19:24:25 - main - INFO - Убираем дубли с takamol и оставляем уникальные авто...
2024-08-02 19:24:25 - main - INFO - start processing data for AUTOBOTS RENT A CAR L.L.C....
2024-08-02 19:24:25 - main - INFO - Получаем бронирования и данные по машинам с ya...
2024-08-02 19:24:25 - main - INFO - Получение данных по бронированиям с takamol...
2024-08-02 19:24:25 - main - INFO - Убираем дубли с takamol и оставляем уникальные авто...
2024-08-02 19:24:25 - main - INFO - start processing data for AVENTADOR 1 CAR RENTAL...
2024-08-02 19:24:25 - main - INFO - Получаем бронирования и данные по машинам с ya...
2024-08-02 19:24:25 - main - INFO - Получение данных по бронированиям с takamol...
2024-08-02 19:24:28 - main - INFO - Получение данных по бронированиям с takamol...
2024-08-02 19:24:28 - main - INFO - Убираем дубли с takamol и оставляем уникальные авто...
2024-08-02 19:24:28 - main - INFO - start processing data for DREAMZ RENT A CAR L.L.C....
2024-08-02 19:24:28 - main - INFO - Получаем бронирования и данные по машинам с ya...
2024-08-02 19:24:29 - main - INFO - Убираем дубли с takamol и оставляем уникальные авто...
2024-08-02 19:24:29 - main - INFO - start processing data for FAST EXPRESS RENT A CAR L.L.C....
2024-08-02 19:24:29 - main - INFO - Получаем бронирования и данные по машинам с ya...
2024-08-02 19:24:29 - main - INFO - Убираем дубли с takamol и оставляем уникальные авто...
2024-08-02 19:24:29 - main - INFO - start processing data for HOUSTON LUXURY RENT A CAR...
2024-08-02 19:24:29 - main - INFO - Получаем бронирования и данные по машинам с ya...
2024-08-02 19:24:30 - main - INFO - Получение данных по бронированиям с takamol...
2024-08-02 19:24:31 - main - INFO - Получение данных по бронированиям с takamol...
2024-08-02 19:24:32 - main - INFO - Убираем дубли с takamol и оставляем уникальные авто...
2024-08-02 19:24:32 - main - INFO - start processing data for LUXURY SPORTS CAR RENTAL L.L.C....
2024-08-02 19:24:32 - main - INFO - Получаем бронирования и данные по машинам с ya...
2024-08-02 19:24:33 - main - INFO - Убираем дубли с takamol и оставляем уникальные авто...
2024-08-02 19:24:33 - main - INFO - start processing data for MASTERKEY RENT A CAR L.L.C....
2024-08-02 19:24:33 - main - INFO - Получаем бронирования и данные по машинам с ya...
2024-08-02 19:24:34 - main - INFO - Получение данных по бронированиям с takamol...
2024-08-02 19:24:35 - main - INFO - Получение данных по бронированиям с takamol...
2024-08-02 19:24:36 - main - INFO - Убираем дубли с takamol и оставляем уникальные авто...
2024-08-02 19:24:36 - main - INFO - Получение данных по бронированиям с takamol...
2024-08-02 19:24:36 - main - INFO - start processing data for X CAR RENTAL...
2024-08-02 19:24:36 - main - INFO - Получаем бронирования и данные по машинам с ya...
2024-08-02 19:24:36 - main - INFO - Убираем дубли с takamol и оставляем уникальные авто...
2024-08-02 19:24:36 - main - INFO - start processing data for AL EMAD CAR RENTAL...
2024-08-02 19:24:36 - main - INFO - Получаем бронирования и данные по машинам с ya...
2024-08-02 19:24:37 - main - INFO - Получение данных по бронированиям с takamol...
2024-08-02 19:24:40 - main - INFO - Убираем дубли с takamol и оставляем уникальные авто...
2024-08-02 19:24:40 - main - INFO - start processing data for CAR STREET CAR RENTAL...
2024-08-02 19:24:40 - main - INFO - Получаем бронирования и данные по машинам с ya...
2024-08-02 19:24:41 - main - INFO - Убираем дубли с takamol и оставляем уникальные авто...
2024-08-02 19:24:41 - main - INFO - start processing data for HEXA CAR RENTAL...
2024-08-02 19:24:41 - main - INFO - Получаем бронирования и данные по машинам с ya...
2024-08-02 19:24:42 - main - INFO - Получение данных по бронированиям с takamol...
2024-08-02 19:24:44 - main - INFO - Убираем дубли с takamol и оставляем уникальные авто...
2024-08-02 19:24:46 - main - INFO - Получение данных по бронированиям с google_sheets...
2024-08-02 19:24:50 - main - INFO - Получение данных по бронированиям с google_sheets...
2024-08-02 19:24:52 - main - INFO - Получение данных по бронированиям с google_sheets...
