2024-08-01 22:12:42 - main - INFO - start processing data for ROTANA STAR RENT A CAR...
2024-08-01 22:12:42 - main - INFO - start processing data for GOLDEN KEY RENT CAR L.L.C....
2024-08-01 22:12:42 - main - INFO - Получаем бронирования и данные по машинам с ya...
2024-08-01 22:12:42 - main - INFO - start processing data for A M G A RENT A CAR L.L.C....
2024-08-01 22:12:42 - main - INFO - start processing data for AL MONSEF RENT A CAR L.L.C....
2024-08-01 22:12:42 - main - INFO - Получаем бронирования и данные по машинам с ya...
2024-08-01 22:12:42 - main - INFO - Получаем бронирования и данные по машинам с ya...
2024-08-01 22:12:42 - main - INFO - Получаем бронирования и данные по машинам с ya...
2024-08-01 22:12:45 - main - INFO - Получение данных по бронированиям с takamol...
2024-08-01 22:12:45 - main - ERROR - Error processing company AL MONSEF RENT A CAR L.L.C.: main() missing 1 required positional argument: 'takamol_api_key'
2024-08-01 22:12:45 - main - INFO - start processing data for AUTOBOTS RENT A CAR L.L.C....
2024-08-01 22:12:45 - main - INFO - Получаем бронирования и данные по машинам с ya...
2024-08-01 22:12:46 - main - INFO - Получение данных по бронированиям с takamol...
2024-08-01 22:12:46 - main - ERROR - Error processing company A M G A RENT A CAR L.L.C.: main() missing 1 required positional argument: 'takamol_api_key'
2024-08-01 22:12:46 - main - INFO - start processing data for AVENTADOR 1 CAR RENTAL...
2024-08-01 22:12:46 - main - INFO - Получаем бронирования и данные по машинам с ya...
2024-08-01 22:12:47 - main - INFO - Получение данных по бронированиям с takamol...
2024-08-01 22:12:47 - main - ERROR - Error processing company GOLDEN KEY RENT CAR L.L.C.: main() missing 1 required positional argument: 'takamol_api_key'
2024-08-01 22:12:47 - main - INFO - start processing data for DREAMZ RENT A CAR L.L.C....
2024-08-01 22:12:47 - main - INFO - Получаем бронирования и данные по машинам с ya...
2024-08-01 22:12:48 - main - INFO - Получение данных по бронированиям с takamol...
2024-08-01 22:12:48 - main - ERROR - Error processing company ROTANA STAR RENT A CAR: main() missing 1 required positional argument: 'takamol_api_key'
2024-08-01 22:12:48 - main - INFO - start processing data for FAST EXPRESS RENT A CAR L.L.C....
2024-08-01 22:12:48 - main - INFO - Получаем бронирования и данные по машинам с ya...
2024-08-01 22:12:48 - main - INFO - Получение данных по бронированиям с takamol...
2024-08-01 22:12:48 - main - ERROR - Error processing company AUTOBOTS RENT A CAR L.L.C.: main() missing 1 required positional argument: 'takamol_api_key'
2024-08-01 22:12:48 - main - INFO - start processing data for HOUSTON LUXURY RENT A CAR...
2024-08-01 22:12:48 - main - INFO - Получаем бронирования и данные по машинам с ya...
2024-08-01 22:12:49 - main - INFO - Получение данных по бронированиям с takamol...
2024-08-01 22:12:49 - main - ERROR - Error processing company AVENTADOR 1 CAR RENTAL: main() missing 1 required positional argument: 'takamol_api_key'
2024-08-01 22:12:49 - main - INFO - start processing data for LUXURY SPORTS CAR RENTAL L.L.C....
2024-08-01 22:12:49 - main - INFO - Получаем бронирования и данные по машинам с ya...
2024-08-01 22:12:50 - main - INFO - Получение данных по бронированиям с takamol...
2024-08-01 22:12:50 - main - ERROR - Error processing company DREAMZ RENT A CAR L.L.C.: main() missing 1 required positional argument: 'takamol_api_key'
2024-08-01 22:12:50 - main - INFO - start processing data for MASTERKEY RENT A CAR L.L.C....
2024-08-01 22:12:50 - main - INFO - Получаем бронирования и данные по машинам с ya...
2024-08-01 22:12:51 - main - INFO - Получение данных по бронированиям с takamol...
2024-08-01 22:12:51 - main - ERROR - Error processing company HOUSTON LUXURY RENT A CAR: main() missing 1 required positional argument: 'takamol_api_key'
2024-08-01 22:12:51 - main - INFO - start processing data for X CAR RENTAL...
2024-08-01 22:12:51 - main - INFO - Получаем бронирования и данные по машинам с ya...
2024-08-01 22:12:52 - main - INFO - Получение данных по бронированиям с takamol...
2024-08-01 22:12:52 - main - ERROR - Error processing company LUXURY SPORTS CAR RENTAL L.L.C.: main() missing 1 required positional argument: 'takamol_api_key'
2024-08-01 22:12:52 - main - INFO - start processing data for AL EMAD CAR RENTAL...
2024-08-01 22:12:52 - main - INFO - Получаем бронирования и данные по машинам с ya...
2024-08-01 22:12:52 - main - INFO - Получение данных по бронированиям с takamol...
2024-08-01 22:12:52 - main - ERROR - Error processing company MASTERKEY RENT A CAR L.L.C.: main() missing 1 required positional argument: 'takamol_api_key'
2024-08-01 22:12:52 - main - INFO - start processing data for CAR STREET CAR RENTAL...
2024-08-01 22:12:52 - main - INFO - Получаем бронирования и данные по машинам с ya...
2024-08-01 22:12:55 - main - INFO - Получение данных по бронированиям с takamol...
2024-08-01 22:12:55 - main - ERROR - Error processing company FAST EXPRESS RENT A CAR L.L.C.: main() missing 1 required positional argument: 'takamol_api_key'
2024-08-01 22:12:55 - main - INFO - start processing data for HEXA CAR RENTAL...
2024-08-01 22:12:55 - main - INFO - Получаем бронирования и данные по машинам с ya...
2024-08-01 22:12:55 - main - INFO - Получение данных по бронированиям с takamol...
2024-08-01 22:12:55 - main - ERROR - Error processing company X CAR RENTAL: main() missing 1 required positional argument: 'takamol_api_key'
2024-08-01 22:12:58 - main - ERROR - no data or processing method for this company - HEXA CAR RENTAL,config - {'TOKEN_DRIVE_YA_TECH': 'e18e06eb-d3bc-43fd-9420-0d854b861c03', 'tag_name': 'rental_hold_vehicle_HEXA_CAR_RENTAL'}
2024-08-01 22:13:00 - main - ERROR - no data or processing method for this company - CAR STREET CAR RENTAL,config - {'TOKEN_DRIVE_YA_TECH': 'f178a725-42a0-4035-be95-33ab5f4874b5', 'tag_name': 'rental_hold_vehicle_CAR_STREET_CAR_RENTAL_L_L_C'}
