2024-08-02 19:24:19 - ya_get_cars_and_bookings_data - INFO - start get_cars_leasing
2024-08-02 19:24:19 - ya_get_cars_and_bookings_data - INFO - start fetch_all_cars_with_pagination
2024-08-02 19:24:19 - ya_get_cars_and_bookings_data - INFO - start get_cars_leasing
2024-08-02 19:24:19 - ya_get_cars_and_bookings_data - INFO - start fetch_all_cars_with_pagination
2024-08-02 19:24:19 - ya_get_cars_and_bookings_data - INFO - start get_cars_leasing
2024-08-02 19:24:19 - ya_get_cars_and_bookings_data - INFO - start get_cars_leasing
2024-08-02 19:24:19 - ya_get_cars_and_bookings_data - INFO - start fetch_all_cars_with_pagination
2024-08-02 19:24:19 - ya_get_cars_and_bookings_data - INFO - start fetch_all_cars_with_pagination
2024-08-02 19:24:22 - ya_get_cars_and_bookings_data - INFO - Fetched 79 cars from API with pagination for company AL MONSEF RENT A CAR L.L.C..
2024-08-02 19:24:22 - ya_get_cars_and_bookings_data - INFO - Data saved to C:\Users\snaip\Documents\work\API_Integration_and_Data_Migration_Car_Bookings_new\data/raw/yango_cars\AL MONSEF RENT A CAR L.L.C.\yango_cars_data_20240802192422.csv
2024-08-02 19:24:22 - ya_get_cars_and_bookings_data - INFO - start get_bookings
2024-08-02 19:24:22 - ya_get_cars_and_bookings_data - INFO - Fetched 127 cars from API with pagination for company A M G A RENT A CAR L.L.C..
2024-08-02 19:24:22 - ya_get_cars_and_bookings_data - INFO - Data saved to C:\Users\snaip\Documents\work\API_Integration_and_Data_Migration_Car_Bookings_new\data/raw/yango_cars\A M G A RENT A CAR L.L.C.\yango_cars_data_20240802192422.csv
2024-08-02 19:24:22 - ya_get_cars_and_bookings_data - INFO - start get_bookings
2024-08-02 19:24:23 - ya_get_cars_and_bookings_data - INFO - Request URL: https://drive.yango.tech/api/leasing/rental/timetable, Status Code: 200
2024-08-02 19:24:23 - ya_get_cars_and_bookings_data - INFO - Fetched 55 bookings
2024-08-02 19:24:23 - ya_get_cars_and_bookings_data - INFO - Fetched 55 total bookings from API for company AL MONSEF RENT A CAR L.L.C..
2024-08-02 19:24:23 - ya_get_cars_and_bookings_data - INFO - Data saved to C:\Users\snaip\Documents\work\API_Integration_and_Data_Migration_Car_Bookings_new\data/raw/yango_bookings\AL MONSEF RENT A CAR L.L.C.\yango_bookings_data_20240802192422.csv
2024-08-02 19:24:23 - ya_get_cars_and_bookings_data - INFO - start get_model_list
2024-08-02 19:24:23 - ya_get_cars_and_bookings_data - INFO - Request URL: https://drive.yango.tech/api/leasing/rental/timetable, Status Code: 200
2024-08-02 19:24:23 - ya_get_cars_and_bookings_data - INFO - Fetched 30 bookings
2024-08-02 19:24:23 - ya_get_cars_and_bookings_data - INFO - Fetched 30 total bookings from API for company A M G A RENT A CAR L.L.C..
2024-08-02 19:24:23 - ya_get_cars_and_bookings_data - INFO - Data saved to C:\Users\snaip\Documents\work\API_Integration_and_Data_Migration_Car_Bookings_new\data/raw/yango_bookings\A M G A RENT A CAR L.L.C.\yango_bookings_data_20240802192422.csv
2024-08-02 19:24:23 - ya_get_cars_and_bookings_data - INFO - start get_model_list
2024-08-02 19:24:23 - ya_get_cars_and_bookings_data - INFO - Request URL: https://drive.yango.tech/api/leasing/models/list?lang=en, Status Code: 200
2024-08-02 19:24:23 - ya_get_cars_and_bookings_data - INFO - Fetched 10 models from API for company AL MONSEF RENT A CAR L.L.C..
2024-08-02 19:24:23 - ya_get_cars_and_bookings_data - INFO - Data saved to C:\Users\snaip\Documents\work\API_Integration_and_Data_Migration_Car_Bookings_new\data/raw/yango_cars\AL MONSEF RENT A CAR L.L.C.\yango_model_list_20240802192423.csv
2024-08-02 19:24:24 - ya_get_cars_and_bookings_data - INFO - Request URL: https://drive.yango.tech/api/leasing/models/list?lang=en, Status Code: 200
2024-08-02 19:24:24 - ya_get_cars_and_bookings_data - INFO - Fetched 42 models from API for company A M G A RENT A CAR L.L.C..
2024-08-02 19:24:24 - ya_get_cars_and_bookings_data - INFO - Data saved to C:\Users\snaip\Documents\work\API_Integration_and_Data_Migration_Car_Bookings_new\data/raw/yango_cars\A M G A RENT A CAR L.L.C.\yango_model_list_20240802192424.csv
2024-08-02 19:24:24 - ya_get_cars_and_bookings_data - INFO - Fetched 206 cars from API with pagination for company GOLDEN KEY RENT CAR L.L.C..
2024-08-02 19:24:24 - ya_get_cars_and_bookings_data - INFO - Data saved to C:\Users\snaip\Documents\work\API_Integration_and_Data_Migration_Car_Bookings_new\data/raw/yango_cars\GOLDEN KEY RENT CAR L.L.C.\yango_cars_data_20240802192424.csv
2024-08-02 19:24:24 - ya_get_cars_and_bookings_data - INFO - start get_bookings
2024-08-02 19:24:24 - ya_get_cars_and_bookings_data - INFO - Fetched 297 cars from API with pagination for company ROTANA STAR RENT A CAR.
2024-08-02 19:24:24 - ya_get_cars_and_bookings_data - INFO - Data saved to C:\Users\snaip\Documents\work\API_Integration_and_Data_Migration_Car_Bookings_new\data/raw/yango_cars\ROTANA STAR RENT A CAR\yango_cars_data_20240802192424.csv
2024-08-02 19:24:24 - ya_get_cars_and_bookings_data - INFO - start get_bookings
2024-08-02 19:24:24 - ya_get_cars_and_bookings_data - INFO - Request URL: https://drive.yango.tech/api/leasing/rental/timetable, Status Code: 200
2024-08-02 19:24:24 - ya_get_cars_and_bookings_data - INFO - Fetched 121 bookings
2024-08-02 19:24:24 - ya_get_cars_and_bookings_data - INFO - Fetched 121 total bookings from API for company GOLDEN KEY RENT CAR L.L.C..
2024-08-02 19:24:24 - ya_get_cars_and_bookings_data - INFO - Data saved to C:\Users\snaip\Documents\work\API_Integration_and_Data_Migration_Car_Bookings_new\data/raw/yango_bookings\GOLDEN KEY RENT CAR L.L.C.\yango_bookings_data_20240802192424.csv
2024-08-02 19:24:24 - ya_get_cars_and_bookings_data - INFO - start get_model_list
2024-08-02 19:24:25 - ya_get_cars_and_bookings_data - INFO - Request URL: https://drive.yango.tech/api/leasing/rental/timetable, Status Code: 200
2024-08-02 19:24:25 - ya_get_cars_and_bookings_data - INFO - Fetched 272 bookings
2024-08-02 19:24:25 - ya_get_cars_and_bookings_data - INFO - Fetched 272 total bookings from API for company ROTANA STAR RENT A CAR.
2024-08-02 19:24:25 - ya_get_cars_and_bookings_data - INFO - Data saved to C:\Users\snaip\Documents\work\API_Integration_and_Data_Migration_Car_Bookings_new\data/raw/yango_bookings\ROTANA STAR RENT A CAR\yango_bookings_data_20240802192424.csv
2024-08-02 19:24:25 - ya_get_cars_and_bookings_data - INFO - start get_model_list
2024-08-02 19:24:25 - ya_get_cars_and_bookings_data - INFO - start get_cars_leasing
2024-08-02 19:24:25 - ya_get_cars_and_bookings_data - INFO - start fetch_all_cars_with_pagination
2024-08-02 19:24:25 - ya_get_cars_and_bookings_data - INFO - Request URL: https://drive.yango.tech/api/leasing/models/list?lang=en, Status Code: 200
2024-08-02 19:24:25 - ya_get_cars_and_bookings_data - INFO - Fetched 66 models from API for company GOLDEN KEY RENT CAR L.L.C..
2024-08-02 19:24:25 - ya_get_cars_and_bookings_data - INFO - Data saved to C:\Users\snaip\Documents\work\API_Integration_and_Data_Migration_Car_Bookings_new\data/raw/yango_cars\GOLDEN KEY RENT CAR L.L.C.\yango_model_list_20240802192425.csv
2024-08-02 19:24:25 - ya_get_cars_and_bookings_data - INFO - Request URL: https://drive.yango.tech/api/leasing/models/list?lang=en, Status Code: 200
2024-08-02 19:24:25 - ya_get_cars_and_bookings_data - INFO - Fetched 68 models from API for company ROTANA STAR RENT A CAR.
2024-08-02 19:24:25 - ya_get_cars_and_bookings_data - INFO - Data saved to C:\Users\snaip\Documents\work\API_Integration_and_Data_Migration_Car_Bookings_new\data/raw/yango_cars\ROTANA STAR RENT A CAR\yango_model_list_20240802192425.csv
2024-08-02 19:24:25 - ya_get_cars_and_bookings_data - INFO - start get_cars_leasing
2024-08-02 19:24:25 - ya_get_cars_and_bookings_data - INFO - start fetch_all_cars_with_pagination
2024-08-02 19:24:27 - ya_get_cars_and_bookings_data - INFO - Fetched 13 cars from API with pagination for company AUTOBOTS RENT A CAR L.L.C..
2024-08-02 19:24:27 - ya_get_cars_and_bookings_data - INFO - Data saved to C:\Users\snaip\Documents\work\API_Integration_and_Data_Migration_Car_Bookings_new\data/raw/yango_cars\AUTOBOTS RENT A CAR L.L.C.\yango_cars_data_20240802192427.csv
2024-08-02 19:24:27 - ya_get_cars_and_bookings_data - INFO - start get_bookings
2024-08-02 19:24:28 - ya_get_cars_and_bookings_data - INFO - Request URL: https://drive.yango.tech/api/leasing/rental/timetable, Status Code: 200
2024-08-02 19:24:28 - ya_get_cars_and_bookings_data - INFO - Fetched 1 bookings
2024-08-02 19:24:28 - ya_get_cars_and_bookings_data - INFO - Fetched 1 total bookings from API for company AUTOBOTS RENT A CAR L.L.C..
2024-08-02 19:24:28 - ya_get_cars_and_bookings_data - INFO - Data saved to C:\Users\snaip\Documents\work\API_Integration_and_Data_Migration_Car_Bookings_new\data/raw/yango_bookings\AUTOBOTS RENT A CAR L.L.C.\yango_bookings_data_20240802192427.csv
2024-08-02 19:24:28 - ya_get_cars_and_bookings_data - INFO - start get_model_list
2024-08-02 19:24:28 - ya_get_cars_and_bookings_data - INFO - Request URL: https://drive.yango.tech/api/leasing/models/list?lang=en, Status Code: 200
2024-08-02 19:24:28 - ya_get_cars_and_bookings_data - INFO - Fetched 17 models from API for company AUTOBOTS RENT A CAR L.L.C..
2024-08-02 19:24:28 - ya_get_cars_and_bookings_data - INFO - Data saved to C:\Users\snaip\Documents\work\API_Integration_and_Data_Migration_Car_Bookings_new\data/raw/yango_cars\AUTOBOTS RENT A CAR L.L.C.\yango_model_list_20240802192428.csv
2024-08-02 19:24:28 - ya_get_cars_and_bookings_data - INFO - start get_cars_leasing
2024-08-02 19:24:28 - ya_get_cars_and_bookings_data - INFO - start fetch_all_cars_with_pagination
2024-08-02 19:24:29 - ya_get_cars_and_bookings_data - INFO - Fetched 83 cars from API with pagination for company AVENTADOR 1 CAR RENTAL.
2024-08-02 19:24:29 - ya_get_cars_and_bookings_data - INFO - Data saved to C:\Users\snaip\Documents\work\API_Integration_and_Data_Migration_Car_Bookings_new\data/raw/yango_cars\AVENTADOR 1 CAR RENTAL\yango_cars_data_20240802192429.csv
2024-08-02 19:24:29 - ya_get_cars_and_bookings_data - INFO - start get_bookings
2024-08-02 19:24:29 - ya_get_cars_and_bookings_data - INFO - start get_cars_leasing
2024-08-02 19:24:29 - ya_get_cars_and_bookings_data - INFO - start fetch_all_cars_with_pagination
2024-08-02 19:24:29 - ya_get_cars_and_bookings_data - INFO - Request URL: https://drive.yango.tech/api/leasing/rental/timetable, Status Code: 200
2024-08-02 19:24:29 - ya_get_cars_and_bookings_data - INFO - Fetched 21 bookings
2024-08-02 19:24:29 - ya_get_cars_and_bookings_data - INFO - Fetched 21 total bookings from API for company AVENTADOR 1 CAR RENTAL.
2024-08-02 19:24:29 - ya_get_cars_and_bookings_data - INFO - Data saved to C:\Users\snaip\Documents\work\API_Integration_and_Data_Migration_Car_Bookings_new\data/raw/yango_bookings\AVENTADOR 1 CAR RENTAL\yango_bookings_data_20240802192429.csv
2024-08-02 19:24:29 - ya_get_cars_and_bookings_data - INFO - start get_model_list
2024-08-02 19:24:29 - ya_get_cars_and_bookings_data - INFO - start get_cars_leasing
2024-08-02 19:24:29 - ya_get_cars_and_bookings_data - INFO - start fetch_all_cars_with_pagination
2024-08-02 19:24:30 - ya_get_cars_and_bookings_data - INFO - Request URL: https://drive.yango.tech/api/leasing/models/list?lang=en, Status Code: 200
2024-08-02 19:24:30 - ya_get_cars_and_bookings_data - INFO - Fetched 69 models from API for company AVENTADOR 1 CAR RENTAL.
2024-08-02 19:24:30 - ya_get_cars_and_bookings_data - INFO - Data saved to C:\Users\snaip\Documents\work\API_Integration_and_Data_Migration_Car_Bookings_new\data/raw/yango_cars\AVENTADOR 1 CAR RENTAL\yango_model_list_20240802192430.csv
2024-08-02 19:24:30 - ya_get_cars_and_bookings_data - INFO - Fetched 36 cars from API with pagination for company DREAMZ RENT A CAR L.L.C..
2024-08-02 19:24:30 - ya_get_cars_and_bookings_data - INFO - Data saved to C:\Users\snaip\Documents\work\API_Integration_and_Data_Migration_Car_Bookings_new\data/raw/yango_cars\DREAMZ RENT A CAR L.L.C.\yango_cars_data_20240802192430.csv
2024-08-02 19:24:30 - ya_get_cars_and_bookings_data - INFO - start get_bookings
2024-08-02 19:24:31 - ya_get_cars_and_bookings_data - INFO - Request URL: https://drive.yango.tech/api/leasing/rental/timetable, Status Code: 200
2024-08-02 19:24:31 - ya_get_cars_and_bookings_data - INFO - Fetched 12 bookings
2024-08-02 19:24:31 - ya_get_cars_and_bookings_data - INFO - Fetched 12 total bookings from API for company DREAMZ RENT A CAR L.L.C..
2024-08-02 19:24:31 - ya_get_cars_and_bookings_data - INFO - Data saved to C:\Users\snaip\Documents\work\API_Integration_and_Data_Migration_Car_Bookings_new\data/raw/yango_bookings\DREAMZ RENT A CAR L.L.C.\yango_bookings_data_20240802192430.csv
2024-08-02 19:24:31 - ya_get_cars_and_bookings_data - INFO - start get_model_list
2024-08-02 19:24:31 - ya_get_cars_and_bookings_data - INFO - Request URL: https://drive.yango.tech/api/leasing/models/list?lang=en, Status Code: 200
2024-08-02 19:24:31 - ya_get_cars_and_bookings_data - INFO - Fetched 29 models from API for company DREAMZ RENT A CAR L.L.C..
2024-08-02 19:24:31 - ya_get_cars_and_bookings_data - INFO - Data saved to C:\Users\snaip\Documents\work\API_Integration_and_Data_Migration_Car_Bookings_new\data/raw/yango_cars\DREAMZ RENT A CAR L.L.C.\yango_model_list_20240802192431.csv
2024-08-02 19:24:32 - ya_get_cars_and_bookings_data - INFO - start get_cars_leasing
2024-08-02 19:24:32 - ya_get_cars_and_bookings_data - INFO - start fetch_all_cars_with_pagination
2024-08-02 19:24:32 - ya_get_cars_and_bookings_data - INFO - Fetched 55 cars from API with pagination for company HOUSTON LUXURY RENT A CAR.
2024-08-02 19:24:32 - ya_get_cars_and_bookings_data - INFO - Data saved to C:\Users\snaip\Documents\work\API_Integration_and_Data_Migration_Car_Bookings_new\data/raw/yango_cars\HOUSTON LUXURY RENT A CAR\yango_cars_data_20240802192432.csv
2024-08-02 19:24:32 - ya_get_cars_and_bookings_data - INFO - start get_bookings
2024-08-02 19:24:33 - ya_get_cars_and_bookings_data - INFO - start get_cars_leasing
2024-08-02 19:24:33 - ya_get_cars_and_bookings_data - INFO - start fetch_all_cars_with_pagination
2024-08-02 19:24:33 - ya_get_cars_and_bookings_data - INFO - Request URL: https://drive.yango.tech/api/leasing/rental/timetable, Status Code: 200
2024-08-02 19:24:33 - ya_get_cars_and_bookings_data - INFO - Fetched 5 bookings
2024-08-02 19:24:33 - ya_get_cars_and_bookings_data - INFO - Fetched 5 total bookings from API for company HOUSTON LUXURY RENT A CAR.
2024-08-02 19:24:33 - ya_get_cars_and_bookings_data - INFO - Data saved to C:\Users\snaip\Documents\work\API_Integration_and_Data_Migration_Car_Bookings_new\data/raw/yango_bookings\HOUSTON LUXURY RENT A CAR\yango_bookings_data_20240802192432.csv
2024-08-02 19:24:33 - ya_get_cars_and_bookings_data - INFO - start get_model_list
2024-08-02 19:24:34 - ya_get_cars_and_bookings_data - INFO - Request URL: https://drive.yango.tech/api/leasing/models/list?lang=en, Status Code: 200
2024-08-02 19:24:34 - ya_get_cars_and_bookings_data - INFO - Fetched 43 models from API for company HOUSTON LUXURY RENT A CAR.
2024-08-02 19:24:34 - ya_get_cars_and_bookings_data - INFO - Data saved to C:\Users\snaip\Documents\work\API_Integration_and_Data_Migration_Car_Bookings_new\data/raw/yango_cars\HOUSTON LUXURY RENT A CAR\yango_model_list_20240802192434.csv
2024-08-02 19:24:34 - ya_get_cars_and_bookings_data - INFO - Fetched 14 cars from API with pagination for company LUXURY SPORTS CAR RENTAL L.L.C..
2024-08-02 19:24:34 - ya_get_cars_and_bookings_data - INFO - Data saved to C:\Users\snaip\Documents\work\API_Integration_and_Data_Migration_Car_Bookings_new\data/raw/yango_cars\LUXURY SPORTS CAR RENTAL L.L.C.\yango_cars_data_20240802192434.csv
2024-08-02 19:24:34 - ya_get_cars_and_bookings_data - INFO - start get_bookings
2024-08-02 19:24:34 - ya_get_cars_and_bookings_data - INFO - Request URL: https://drive.yango.tech/api/leasing/rental/timetable, Status Code: 200
2024-08-02 19:24:34 - ya_get_cars_and_bookings_data - INFO - Fetched 2 bookings
2024-08-02 19:24:34 - ya_get_cars_and_bookings_data - INFO - Fetched 2 total bookings from API for company LUXURY SPORTS CAR RENTAL L.L.C..
2024-08-02 19:24:34 - ya_get_cars_and_bookings_data - INFO - Data saved to C:\Users\snaip\Documents\work\API_Integration_and_Data_Migration_Car_Bookings_new\data/raw/yango_bookings\LUXURY SPORTS CAR RENTAL L.L.C.\yango_bookings_data_20240802192434.csv
2024-08-02 19:24:34 - ya_get_cars_and_bookings_data - INFO - start get_model_list
2024-08-02 19:24:35 - ya_get_cars_and_bookings_data - INFO - Fetched 17 cars from API with pagination for company MASTERKEY RENT A CAR L.L.C..
2024-08-02 19:24:35 - ya_get_cars_and_bookings_data - INFO - Data saved to C:\Users\snaip\Documents\work\API_Integration_and_Data_Migration_Car_Bookings_new\data/raw/yango_cars\MASTERKEY RENT A CAR L.L.C.\yango_cars_data_20240802192435.csv
2024-08-02 19:24:35 - ya_get_cars_and_bookings_data - INFO - start get_bookings
2024-08-02 19:24:35 - ya_get_cars_and_bookings_data - INFO - Request URL: https://drive.yango.tech/api/leasing/models/list?lang=en, Status Code: 200
2024-08-02 19:24:35 - ya_get_cars_and_bookings_data - INFO - Fetched 14 models from API for company LUXURY SPORTS CAR RENTAL L.L.C..
2024-08-02 19:24:35 - ya_get_cars_and_bookings_data - INFO - Data saved to C:\Users\snaip\Documents\work\API_Integration_and_Data_Migration_Car_Bookings_new\data/raw/yango_cars\LUXURY SPORTS CAR RENTAL L.L.C.\yango_model_list_20240802192435.csv
2024-08-02 19:24:35 - ya_get_cars_and_bookings_data - INFO - Request URL: https://drive.yango.tech/api/leasing/rental/timetable, Status Code: 200
2024-08-02 19:24:35 - ya_get_cars_and_bookings_data - INFO - Fetched 8 bookings
2024-08-02 19:24:35 - ya_get_cars_and_bookings_data - INFO - Fetched 8 total bookings from API for company MASTERKEY RENT A CAR L.L.C..
2024-08-02 19:24:35 - ya_get_cars_and_bookings_data - INFO - Data saved to C:\Users\snaip\Documents\work\API_Integration_and_Data_Migration_Car_Bookings_new\data/raw/yango_bookings\MASTERKEY RENT A CAR L.L.C.\yango_bookings_data_20240802192435.csv
2024-08-02 19:24:35 - ya_get_cars_and_bookings_data - INFO - start get_model_list
2024-08-02 19:24:36 - ya_get_cars_and_bookings_data - INFO - Request URL: https://drive.yango.tech/api/leasing/models/list?lang=en, Status Code: 200
2024-08-02 19:24:36 - ya_get_cars_and_bookings_data - INFO - Fetched 17 models from API for company MASTERKEY RENT A CAR L.L.C..
2024-08-02 19:24:36 - ya_get_cars_and_bookings_data - INFO - Data saved to C:\Users\snaip\Documents\work\API_Integration_and_Data_Migration_Car_Bookings_new\data/raw/yango_cars\MASTERKEY RENT A CAR L.L.C.\yango_model_list_20240802192436.csv
2024-08-02 19:24:36 - ya_get_cars_and_bookings_data - INFO - start get_cars_leasing
2024-08-02 19:24:36 - ya_get_cars_and_bookings_data - INFO - start fetch_all_cars_with_pagination
2024-08-02 19:24:36 - ya_get_cars_and_bookings_data - INFO - Fetched 481 cars from API with pagination for company FAST EXPRESS RENT A CAR L.L.C..
2024-08-02 19:24:36 - ya_get_cars_and_bookings_data - INFO - Data saved to C:\Users\snaip\Documents\work\API_Integration_and_Data_Migration_Car_Bookings_new\data/raw/yango_cars\FAST EXPRESS RENT A CAR L.L.C.\yango_cars_data_20240802192436.csv
2024-08-02 19:24:36 - ya_get_cars_and_bookings_data - INFO - start get_bookings
2024-08-02 19:24:36 - ya_get_cars_and_bookings_data - INFO - start get_cars_leasing
2024-08-02 19:24:36 - ya_get_cars_and_bookings_data - INFO - start fetch_all_cars_with_pagination
2024-08-02 19:24:36 - ya_get_cars_and_bookings_data - INFO - Request URL: https://drive.yango.tech/api/leasing/rental/timetable, Status Code: 200
2024-08-02 19:24:36 - ya_get_cars_and_bookings_data - INFO - Fetched 108 bookings
2024-08-02 19:24:36 - ya_get_cars_and_bookings_data - INFO - Fetched 108 total bookings from API for company FAST EXPRESS RENT A CAR L.L.C..
2024-08-02 19:24:36 - ya_get_cars_and_bookings_data - INFO - Data saved to C:\Users\snaip\Documents\work\API_Integration_and_Data_Migration_Car_Bookings_new\data/raw/yango_bookings\FAST EXPRESS RENT A CAR L.L.C.\yango_bookings_data_20240802192436.csv
2024-08-02 19:24:36 - ya_get_cars_and_bookings_data - INFO - start get_model_list
2024-08-02 19:24:37 - ya_get_cars_and_bookings_data - INFO - Request URL: https://drive.yango.tech/api/leasing/models/list?lang=en, Status Code: 200
2024-08-02 19:24:37 - ya_get_cars_and_bookings_data - INFO - Fetched 50 models from API for company FAST EXPRESS RENT A CAR L.L.C..
2024-08-02 19:24:37 - ya_get_cars_and_bookings_data - INFO - Data saved to C:\Users\snaip\Documents\work\API_Integration_and_Data_Migration_Car_Bookings_new\data/raw/yango_cars\FAST EXPRESS RENT A CAR L.L.C.\yango_model_list_20240802192437.csv
2024-08-02 19:24:40 - ya_get_cars_and_bookings_data - INFO - Fetched 158 cars from API with pagination for company X CAR RENTAL.
2024-08-02 19:24:40 - ya_get_cars_and_bookings_data - INFO - Data saved to C:\Users\snaip\Documents\work\API_Integration_and_Data_Migration_Car_Bookings_new\data/raw/yango_cars\X CAR RENTAL\yango_cars_data_20240802192440.csv
2024-08-02 19:24:40 - ya_get_cars_and_bookings_data - INFO - start get_bookings
2024-08-02 19:24:40 - ya_get_cars_and_bookings_data - INFO - start get_cars_leasing
2024-08-02 19:24:40 - ya_get_cars_and_bookings_data - INFO - start fetch_all_cars_with_pagination
2024-08-02 19:24:41 - ya_get_cars_and_bookings_data - INFO - Request URL: https://drive.yango.tech/api/leasing/rental/timetable, Status Code: 200
2024-08-02 19:24:41 - ya_get_cars_and_bookings_data - INFO - Fetched 99 bookings
2024-08-02 19:24:41 - ya_get_cars_and_bookings_data - INFO - Fetched 99 total bookings from API for company X CAR RENTAL.
2024-08-02 19:24:41 - ya_get_cars_and_bookings_data - INFO - Data saved to C:\Users\snaip\Documents\work\API_Integration_and_Data_Migration_Car_Bookings_new\data/raw/yango_bookings\X CAR RENTAL\yango_bookings_data_20240802192440.csv
2024-08-02 19:24:41 - ya_get_cars_and_bookings_data - INFO - start get_model_list
2024-08-02 19:24:41 - ya_get_cars_and_bookings_data - INFO - start get_cars_leasing
2024-08-02 19:24:41 - ya_get_cars_and_bookings_data - INFO - start fetch_all_cars_with_pagination
2024-08-02 19:24:42 - ya_get_cars_and_bookings_data - INFO - Request URL: https://drive.yango.tech/api/leasing/models/list?lang=en, Status Code: 200
2024-08-02 19:24:42 - ya_get_cars_and_bookings_data - INFO - Fetched 137 models from API for company X CAR RENTAL.
2024-08-02 19:24:42 - ya_get_cars_and_bookings_data - INFO - Data saved to C:\Users\snaip\Documents\work\API_Integration_and_Data_Migration_Car_Bookings_new\data/raw/yango_cars\X CAR RENTAL\yango_model_list_20240802192442.csv
2024-08-02 19:24:45 - ya_get_cars_and_bookings_data - INFO - Fetched 107 cars from API with pagination for company HEXA CAR RENTAL.
2024-08-02 19:24:45 - ya_get_cars_and_bookings_data - INFO - Data saved to C:\Users\snaip\Documents\work\API_Integration_and_Data_Migration_Car_Bookings_new\data/raw/yango_cars\HEXA CAR RENTAL\yango_cars_data_20240802192445.csv
2024-08-02 19:24:45 - ya_get_cars_and_bookings_data - INFO - start get_bookings
2024-08-02 19:24:45 - ya_get_cars_and_bookings_data - INFO - Request URL: https://drive.yango.tech/api/leasing/rental/timetable, Status Code: 200
2024-08-02 19:24:45 - ya_get_cars_and_bookings_data - INFO - Fetched 90 bookings
2024-08-02 19:24:45 - ya_get_cars_and_bookings_data - INFO - Fetched 90 total bookings from API for company HEXA CAR RENTAL.
2024-08-02 19:24:45 - ya_get_cars_and_bookings_data - INFO - Data saved to C:\Users\snaip\Documents\work\API_Integration_and_Data_Migration_Car_Bookings_new\data/raw/yango_bookings\HEXA CAR RENTAL\yango_bookings_data_20240802192445.csv
2024-08-02 19:24:45 - ya_get_cars_and_bookings_data - INFO - start get_model_list
2024-08-02 19:24:46 - ya_get_cars_and_bookings_data - INFO - Request URL: https://drive.yango.tech/api/leasing/models/list?lang=en, Status Code: 200
2024-08-02 19:24:46 - ya_get_cars_and_bookings_data - INFO - Fetched 45 models from API for company HEXA CAR RENTAL.
2024-08-02 19:24:46 - ya_get_cars_and_bookings_data - INFO - Data saved to C:\Users\snaip\Documents\work\API_Integration_and_Data_Migration_Car_Bookings_new\data/raw/yango_cars\HEXA CAR RENTAL\yango_model_list_20240802192446.csv
2024-08-02 19:24:49 - ya_get_cars_and_bookings_data - INFO - Fetched 536 cars from API with pagination for company CAR STREET CAR RENTAL.
2024-08-02 19:24:49 - ya_get_cars_and_bookings_data - INFO - Data saved to C:\Users\snaip\Documents\work\API_Integration_and_Data_Migration_Car_Bookings_new\data/raw/yango_cars\CAR STREET CAR RENTAL\yango_cars_data_20240802192449.csv
2024-08-02 19:24:49 - ya_get_cars_and_bookings_data - INFO - start get_bookings
2024-08-02 19:24:49 - ya_get_cars_and_bookings_data - INFO - Fetched 1044 cars from API with pagination for company AL EMAD CAR RENTAL.
2024-08-02 19:24:49 - ya_get_cars_and_bookings_data - INFO - Data saved to C:\Users\snaip\Documents\work\API_Integration_and_Data_Migration_Car_Bookings_new\data/raw/yango_cars\AL EMAD CAR RENTAL\yango_cars_data_20240802192449.csv
2024-08-02 19:24:49 - ya_get_cars_and_bookings_data - INFO - start get_bookings
2024-08-02 19:24:49 - ya_get_cars_and_bookings_data - INFO - Request URL: https://drive.yango.tech/api/leasing/rental/timetable, Status Code: 200
2024-08-02 19:24:49 - ya_get_cars_and_bookings_data - INFO - Fetched 309 bookings
2024-08-02 19:24:49 - ya_get_cars_and_bookings_data - INFO - Fetched 309 total bookings from API for company CAR STREET CAR RENTAL.
2024-08-02 19:24:49 - ya_get_cars_and_bookings_data - INFO - Data saved to C:\Users\snaip\Documents\work\API_Integration_and_Data_Migration_Car_Bookings_new\data/raw/yango_bookings\CAR STREET CAR RENTAL\yango_bookings_data_20240802192449.csv
2024-08-02 19:24:49 - ya_get_cars_and_bookings_data - INFO - start get_model_list
2024-08-02 19:24:50 - ya_get_cars_and_bookings_data - INFO - Request URL: https://drive.yango.tech/api/leasing/models/list?lang=en, Status Code: 200
2024-08-02 19:24:50 - ya_get_cars_and_bookings_data - INFO - Fetched 73 models from API for company CAR STREET CAR RENTAL.
2024-08-02 19:24:50 - ya_get_cars_and_bookings_data - INFO - Data saved to C:\Users\snaip\Documents\work\API_Integration_and_Data_Migration_Car_Bookings_new\data/raw/yango_cars\CAR STREET CAR RENTAL\yango_model_list_20240802192450.csv
2024-08-02 19:24:51 - ya_get_cars_and_bookings_data - INFO - Request URL: https://drive.yango.tech/api/leasing/rental/timetable, Status Code: 200
2024-08-02 19:24:51 - ya_get_cars_and_bookings_data - INFO - Fetched 960 bookings
2024-08-02 19:24:51 - ya_get_cars_and_bookings_data - INFO - Fetched 960 total bookings from API for company AL EMAD CAR RENTAL.
2024-08-02 19:24:51 - ya_get_cars_and_bookings_data - INFO - Data saved to C:\Users\snaip\Documents\work\API_Integration_and_Data_Migration_Car_Bookings_new\data/raw/yango_bookings\AL EMAD CAR RENTAL\yango_bookings_data_20240802192449.csv
2024-08-02 19:24:51 - ya_get_cars_and_bookings_data - INFO - start get_model_list
2024-08-02 19:24:51 - ya_get_cars_and_bookings_data - INFO - Request URL: https://drive.yango.tech/api/leasing/models/list?lang=en, Status Code: 200
2024-08-02 19:24:51 - ya_get_cars_and_bookings_data - INFO - Fetched 51 models from API for company AL EMAD CAR RENTAL.
2024-08-02 19:24:51 - ya_get_cars_and_bookings_data - INFO - Data saved to C:\Users\snaip\Documents\work\API_Integration_and_Data_Migration_Car_Bookings_new\data/raw/yango_cars\AL EMAD CAR RENTAL\yango_model_list_20240802192451.csv
