2024-07-31 21:34:59 - ya_get_cars_and_bookings_data - INFO - Request URL: https://drive.yango.tech/api/leasing/car/list?page_number=1&page_size=50&lang=en, Status Code: 200
2024-07-31 21:34:59 - ya_get_cars_and_bookings_data - INFO - number of cars-50 in page=1
2024-07-31 21:35:00 - ya_get_cars_and_bookings_data - INFO - Request URL: https://drive.yango.tech/api/leasing/car/list?page_number=2&page_size=50&lang=en, Status Code: 200
2024-07-31 21:35:00 - ya_get_cars_and_bookings_data - INFO - number of cars-50 in page=2
2024-07-31 21:35:01 - ya_get_cars_and_bookings_data - INFO - Request URL: https://drive.yango.tech/api/leasing/car/list?page_number=3&page_size=50&lang=en, Status Code: 200
2024-07-31 21:35:01 - ya_get_cars_and_bookings_data - INFO - number of cars-50 in page=3
2024-07-31 21:35:01 - ya_get_cars_and_bookings_data - INFO - Request URL: https://drive.yango.tech/api/leasing/car/list?page_number=4&page_size=50&lang=en, Status Code: 200
2024-07-31 21:35:01 - ya_get_cars_and_bookings_data - INFO - number of cars-50 in page=4
2024-07-31 21:35:01 - ya_get_cars_and_bookings_data - INFO - Request URL: https://drive.yango.tech/api/leasing/car/list?page_number=5&page_size=50&lang=en, Status Code: 200
2024-07-31 21:35:01 - ya_get_cars_and_bookings_data - INFO - number of cars-50 in page=5
2024-07-31 21:35:02 - ya_get_cars_and_bookings_data - INFO - Request URL: https://drive.yango.tech/api/leasing/car/list?page_number=6&page_size=50&lang=en, Status Code: 200
2024-07-31 21:35:02 - ya_get_cars_and_bookings_data - INFO - number of cars-50 in page=6
2024-07-31 21:35:03 - ya_get_cars_and_bookings_data - INFO - Request URL: https://drive.yango.tech/api/leasing/car/list?page_number=7&page_size=50&lang=en, Status Code: 200
2024-07-31 21:35:03 - ya_get_cars_and_bookings_data - INFO - number of cars-50 in page=7
2024-07-31 21:35:03 - ya_get_cars_and_bookings_data - INFO - Request URL: https://drive.yango.tech/api/leasing/car/list?page_number=8&page_size=50&lang=en, Status Code: 200
2024-07-31 21:35:03 - ya_get_cars_and_bookings_data - INFO - number of cars-50 in page=8
2024-07-31 21:35:04 - ya_get_cars_and_bookings_data - INFO - Request URL: https://drive.yango.tech/api/leasing/car/list?page_number=9&page_size=50&lang=en, Status Code: 200
2024-07-31 21:35:04 - ya_get_cars_and_bookings_data - INFO - number of cars-50 in page=9
2024-07-31 21:35:04 - ya_get_cars_and_bookings_data - INFO - Request URL: https://drive.yango.tech/api/leasing/car/list?page_number=10&page_size=50&lang=en, Status Code: 200
2024-07-31 21:35:04 - ya_get_cars_and_bookings_data - INFO - number of cars-50 in page=10
2024-07-31 21:35:05 - ya_get_cars_and_bookings_data - INFO - Request URL: https://drive.yango.tech/api/leasing/car/list?page_number=11&page_size=50&lang=en, Status Code: 200
2024-07-31 21:35:05 - ya_get_cars_and_bookings_data - INFO - number of cars-27 in page=11
2024-07-31 21:35:05 - ya_get_cars_and_bookings_data - INFO - Request URL: https://drive.yango.tech/api/leasing/car/list?page_number=12&page_size=50&lang=en, Status Code: 200
2024-07-31 21:35:05 - ya_get_cars_and_bookings_data - INFO - Fetched 527 cars from API with pagination for company AL EMAD CAR RENTAL.
2024-07-31 21:35:06 - ya_get_cars_and_bookings_data - INFO - Data saved to C:\Users\snaip\Documents\work\API_Integration_and_Data_Migration_Car_Bookings_new\data/yango_cars\AL EMAD CAR RENTAL\yango_cars_data_20240731213505.csv
2024-07-31 21:35:07 - ya_get_cars_and_bookings_data - INFO - Request URL: https://drive.yango.tech/api/leasing/rental/timetable, Status Code: 200
2024-07-31 21:35:07 - ya_get_cars_and_bookings_data - INFO - Fetched 297 bookings
2024-07-31 21:35:07 - ya_get_cars_and_bookings_data - INFO - Fetched 297 total bookings from API for company AL EMAD CAR RENTAL.
2024-07-31 21:35:07 - ya_get_cars_and_bookings_data - INFO - Data saved to C:\Users\snaip\Documents\work\API_Integration_and_Data_Migration_Car_Bookings_new\data/yango_bookings\AL EMAD CAR RENTAL\yango_bookings_data_20240731213506.csv
2024-07-31 21:35:07 - ya_get_cars_and_bookings_data - INFO - Request URL: https://drive.yango.tech/api/leasing/models/list?lang=en, Status Code: 200
2024-07-31 21:35:07 - ya_get_cars_and_bookings_data - INFO - Fetched 73 models from API for company AL EMAD CAR RENTAL.
2024-07-31 21:35:07 - ya_get_cars_and_bookings_data - INFO - Data saved to C:\Users\snaip\Documents\work\API_Integration_and_Data_Migration_Car_Bookings_new\data/yango_cars\AL EMAD CAR RENTAL\yango_model_list_20240731213507.csv
