2024-08-01 22:12:42 - ya_get_cars_and_bookings_data - INFO - start get_cars_leasing
2024-08-01 22:12:42 - ya_get_cars_and_bookings_data - INFO - start fetch_all_cars_with_pagination
2024-08-01 22:12:42 - ya_get_cars_and_bookings_data - INFO - start get_cars_leasing
2024-08-01 22:12:42 - ya_get_cars_and_bookings_data - INFO - start get_cars_leasing
2024-08-01 22:12:42 - ya_get_cars_and_bookings_data - INFO - start fetch_all_cars_with_pagination
2024-08-01 22:12:42 - ya_get_cars_and_bookings_data - INFO - start fetch_all_cars_with_pagination
2024-08-01 22:12:42 - ya_get_cars_and_bookings_data - INFO - start get_cars_leasing
2024-08-01 22:12:42 - ya_get_cars_and_bookings_data - INFO - start fetch_all_cars_with_pagination
2024-08-01 22:12:44 - ya_get_cars_and_bookings_data - INFO - Fetched 79 cars from API with pagination for company AL MONSEF RENT A CAR L.L.C..
2024-08-01 22:12:44 - ya_get_cars_and_bookings_data - INFO - Data saved to C:\Users\snaip\Documents\work\API_Integration_and_Data_Migration_Car_Bookings_new\data/raw/yango_cars\AL MONSEF RENT A CAR L.L.C.\yango_cars_data_20240801221244.csv
2024-08-01 22:12:44 - ya_get_cars_and_bookings_data - INFO - start get_bookings
2024-08-01 22:12:45 - ya_get_cars_and_bookings_data - INFO - Request URL: https://drive.yango.tech/api/leasing/rental/timetable, Status Code: 200
2024-08-01 22:12:45 - ya_get_cars_and_bookings_data - INFO - Fetched 54 bookings
2024-08-01 22:12:45 - ya_get_cars_and_bookings_data - INFO - Fetched 54 total bookings from API for company AL MONSEF RENT A CAR L.L.C..
2024-08-01 22:12:45 - ya_get_cars_and_bookings_data - INFO - Data saved to C:\Users\snaip\Documents\work\API_Integration_and_Data_Migration_Car_Bookings_new\data/raw/yango_bookings\AL MONSEF RENT A CAR L.L.C.\yango_bookings_data_20240801221244.csv
2024-08-01 22:12:45 - ya_get_cars_and_bookings_data - INFO - start get_model_list
2024-08-01 22:12:45 - ya_get_cars_and_bookings_data - INFO - Fetched 127 cars from API with pagination for company A M G A RENT A CAR L.L.C..
2024-08-01 22:12:45 - ya_get_cars_and_bookings_data - INFO - Data saved to C:\Users\snaip\Documents\work\API_Integration_and_Data_Migration_Car_Bookings_new\data/raw/yango_cars\A M G A RENT A CAR L.L.C.\yango_cars_data_20240801221245.csv
2024-08-01 22:12:45 - ya_get_cars_and_bookings_data - INFO - start get_bookings
2024-08-01 22:12:45 - ya_get_cars_and_bookings_data - INFO - Request URL: https://drive.yango.tech/api/leasing/models/list?lang=en, Status Code: 200
2024-08-01 22:12:45 - ya_get_cars_and_bookings_data - INFO - Fetched 10 models from API for company AL MONSEF RENT A CAR L.L.C..
2024-08-01 22:12:45 - ya_get_cars_and_bookings_data - INFO - Data saved to C:\Users\snaip\Documents\work\API_Integration_and_Data_Migration_Car_Bookings_new\data/raw/yango_cars\AL MONSEF RENT A CAR L.L.C.\yango_model_list_20240801221245.csv
2024-08-01 22:12:45 - ya_get_cars_and_bookings_data - INFO - start get_cars_leasing
2024-08-01 22:12:45 - ya_get_cars_and_bookings_data - INFO - start fetch_all_cars_with_pagination
2024-08-01 22:12:46 - ya_get_cars_and_bookings_data - INFO - Request URL: https://drive.yango.tech/api/leasing/rental/timetable, Status Code: 200
2024-08-01 22:12:46 - ya_get_cars_and_bookings_data - INFO - Fetched 30 bookings
2024-08-01 22:12:46 - ya_get_cars_and_bookings_data - INFO - Fetched 30 total bookings from API for company A M G A RENT A CAR L.L.C..
2024-08-01 22:12:46 - ya_get_cars_and_bookings_data - INFO - Data saved to C:\Users\snaip\Documents\work\API_Integration_and_Data_Migration_Car_Bookings_new\data/raw/yango_bookings\A M G A RENT A CAR L.L.C.\yango_bookings_data_20240801221245.csv
2024-08-01 22:12:46 - ya_get_cars_and_bookings_data - INFO - start get_model_list
2024-08-01 22:12:46 - ya_get_cars_and_bookings_data - INFO - Request URL: https://drive.yango.tech/api/leasing/models/list?lang=en, Status Code: 200
2024-08-01 22:12:46 - ya_get_cars_and_bookings_data - INFO - Fetched 42 models from API for company A M G A RENT A CAR L.L.C..
2024-08-01 22:12:46 - ya_get_cars_and_bookings_data - INFO - Data saved to C:\Users\snaip\Documents\work\API_Integration_and_Data_Migration_Car_Bookings_new\data/raw/yango_cars\A M G A RENT A CAR L.L.C.\yango_model_list_20240801221246.csv
2024-08-01 22:12:46 - ya_get_cars_and_bookings_data - INFO - start get_cars_leasing
2024-08-01 22:12:46 - ya_get_cars_and_bookings_data - INFO - start fetch_all_cars_with_pagination
2024-08-01 22:12:46 - ya_get_cars_and_bookings_data - INFO - Fetched 206 cars from API with pagination for company GOLDEN KEY RENT CAR L.L.C..
2024-08-01 22:12:46 - ya_get_cars_and_bookings_data - INFO - Data saved to C:\Users\snaip\Documents\work\API_Integration_and_Data_Migration_Car_Bookings_new\data/raw/yango_cars\GOLDEN KEY RENT CAR L.L.C.\yango_cars_data_20240801221246.csv
2024-08-01 22:12:46 - ya_get_cars_and_bookings_data - INFO - start get_bookings
2024-08-01 22:12:47 - ya_get_cars_and_bookings_data - INFO - Request URL: https://drive.yango.tech/api/leasing/rental/timetable, Status Code: 200
2024-08-01 22:12:47 - ya_get_cars_and_bookings_data - INFO - Fetched 120 bookings
2024-08-01 22:12:47 - ya_get_cars_and_bookings_data - INFO - Fetched 120 total bookings from API for company GOLDEN KEY RENT CAR L.L.C..
2024-08-01 22:12:47 - ya_get_cars_and_bookings_data - INFO - Data saved to C:\Users\snaip\Documents\work\API_Integration_and_Data_Migration_Car_Bookings_new\data/raw/yango_bookings\GOLDEN KEY RENT CAR L.L.C.\yango_bookings_data_20240801221246.csv
2024-08-01 22:12:47 - ya_get_cars_and_bookings_data - INFO - start get_model_list
2024-08-01 22:12:47 - ya_get_cars_and_bookings_data - INFO - Fetched 297 cars from API with pagination for company ROTANA STAR RENT A CAR.
2024-08-01 22:12:47 - ya_get_cars_and_bookings_data - INFO - Data saved to C:\Users\snaip\Documents\work\API_Integration_and_Data_Migration_Car_Bookings_new\data/raw/yango_cars\ROTANA STAR RENT A CAR\yango_cars_data_20240801221247.csv
2024-08-01 22:12:47 - ya_get_cars_and_bookings_data - INFO - start get_bookings
2024-08-01 22:12:47 - ya_get_cars_and_bookings_data - INFO - Fetched 13 cars from API with pagination for company AUTOBOTS RENT A CAR L.L.C..
2024-08-01 22:12:47 - ya_get_cars_and_bookings_data - INFO - Data saved to C:\Users\snaip\Documents\work\API_Integration_and_Data_Migration_Car_Bookings_new\data/raw/yango_cars\AUTOBOTS RENT A CAR L.L.C.\yango_cars_data_20240801221247.csv
2024-08-01 22:12:47 - ya_get_cars_and_bookings_data - INFO - start get_bookings
2024-08-01 22:12:47 - ya_get_cars_and_bookings_data - INFO - Request URL: https://drive.yango.tech/api/leasing/models/list?lang=en, Status Code: 200
2024-08-01 22:12:47 - ya_get_cars_and_bookings_data - INFO - Fetched 66 models from API for company GOLDEN KEY RENT CAR L.L.C..
2024-08-01 22:12:47 - ya_get_cars_and_bookings_data - INFO - Data saved to C:\Users\snaip\Documents\work\API_Integration_and_Data_Migration_Car_Bookings_new\data/raw/yango_cars\GOLDEN KEY RENT CAR L.L.C.\yango_model_list_20240801221247.csv
2024-08-01 22:12:47 - ya_get_cars_and_bookings_data - INFO - start get_cars_leasing
2024-08-01 22:12:47 - ya_get_cars_and_bookings_data - INFO - start fetch_all_cars_with_pagination
2024-08-01 22:12:47 - ya_get_cars_and_bookings_data - INFO - Request URL: https://drive.yango.tech/api/leasing/rental/timetable, Status Code: 200
2024-08-01 22:12:47 - ya_get_cars_and_bookings_data - INFO - Fetched 269 bookings
2024-08-01 22:12:47 - ya_get_cars_and_bookings_data - INFO - Fetched 269 total bookings from API for company ROTANA STAR RENT A CAR.
2024-08-01 22:12:47 - ya_get_cars_and_bookings_data - INFO - Data saved to C:\Users\snaip\Documents\work\API_Integration_and_Data_Migration_Car_Bookings_new\data/raw/yango_bookings\ROTANA STAR RENT A CAR\yango_bookings_data_20240801221247.csv
2024-08-01 22:12:47 - ya_get_cars_and_bookings_data - INFO - start get_model_list
2024-08-01 22:12:47 - ya_get_cars_and_bookings_data - INFO - Request URL: https://drive.yango.tech/api/leasing/rental/timetable, Status Code: 200
2024-08-01 22:12:47 - ya_get_cars_and_bookings_data - INFO - Fetched 1 bookings
2024-08-01 22:12:47 - ya_get_cars_and_bookings_data - INFO - Fetched 1 total bookings from API for company AUTOBOTS RENT A CAR L.L.C..
2024-08-01 22:12:47 - ya_get_cars_and_bookings_data - INFO - Data saved to C:\Users\snaip\Documents\work\API_Integration_and_Data_Migration_Car_Bookings_new\data/raw/yango_bookings\AUTOBOTS RENT A CAR L.L.C.\yango_bookings_data_20240801221247.csv
2024-08-01 22:12:47 - ya_get_cars_and_bookings_data - INFO - start get_model_list
2024-08-01 22:12:48 - ya_get_cars_and_bookings_data - INFO - Request URL: https://drive.yango.tech/api/leasing/models/list?lang=en, Status Code: 200
2024-08-01 22:12:48 - ya_get_cars_and_bookings_data - INFO - Fetched 68 models from API for company ROTANA STAR RENT A CAR.
2024-08-01 22:12:48 - ya_get_cars_and_bookings_data - INFO - Data saved to C:\Users\snaip\Documents\work\API_Integration_and_Data_Migration_Car_Bookings_new\data/raw/yango_cars\ROTANA STAR RENT A CAR\yango_model_list_20240801221248.csv
2024-08-01 22:12:48 - ya_get_cars_and_bookings_data - INFO - start get_cars_leasing
2024-08-01 22:12:48 - ya_get_cars_and_bookings_data - INFO - start fetch_all_cars_with_pagination
2024-08-01 22:12:48 - ya_get_cars_and_bookings_data - INFO - Request URL: https://drive.yango.tech/api/leasing/models/list?lang=en, Status Code: 200
2024-08-01 22:12:48 - ya_get_cars_and_bookings_data - INFO - Fetched 17 models from API for company AUTOBOTS RENT A CAR L.L.C..
2024-08-01 22:12:48 - ya_get_cars_and_bookings_data - INFO - Data saved to C:\Users\snaip\Documents\work\API_Integration_and_Data_Migration_Car_Bookings_new\data/raw/yango_cars\AUTOBOTS RENT A CAR L.L.C.\yango_model_list_20240801221248.csv
2024-08-01 22:12:48 - ya_get_cars_and_bookings_data - INFO - start get_cars_leasing
2024-08-01 22:12:48 - ya_get_cars_and_bookings_data - INFO - start fetch_all_cars_with_pagination
2024-08-01 22:12:48 - ya_get_cars_and_bookings_data - INFO - Fetched 83 cars from API with pagination for company AVENTADOR 1 CAR RENTAL.
2024-08-01 22:12:49 - ya_get_cars_and_bookings_data - INFO - Data saved to C:\Users\snaip\Documents\work\API_Integration_and_Data_Migration_Car_Bookings_new\data/raw/yango_cars\AVENTADOR 1 CAR RENTAL\yango_cars_data_20240801221248.csv
2024-08-01 22:12:49 - ya_get_cars_and_bookings_data - INFO - start get_bookings
2024-08-01 22:12:49 - ya_get_cars_and_bookings_data - INFO - Fetched 36 cars from API with pagination for company DREAMZ RENT A CAR L.L.C..
2024-08-01 22:12:49 - ya_get_cars_and_bookings_data - INFO - Data saved to C:\Users\snaip\Documents\work\API_Integration_and_Data_Migration_Car_Bookings_new\data/raw/yango_cars\DREAMZ RENT A CAR L.L.C.\yango_cars_data_20240801221249.csv
2024-08-01 22:12:49 - ya_get_cars_and_bookings_data - INFO - start get_bookings
2024-08-01 22:12:49 - ya_get_cars_and_bookings_data - INFO - Request URL: https://drive.yango.tech/api/leasing/rental/timetable, Status Code: 200
2024-08-01 22:12:49 - ya_get_cars_and_bookings_data - INFO - Fetched 19 bookings
2024-08-01 22:12:49 - ya_get_cars_and_bookings_data - INFO - Fetched 19 total bookings from API for company AVENTADOR 1 CAR RENTAL.
2024-08-01 22:12:49 - ya_get_cars_and_bookings_data - INFO - Data saved to C:\Users\snaip\Documents\work\API_Integration_and_Data_Migration_Car_Bookings_new\data/raw/yango_bookings\AVENTADOR 1 CAR RENTAL\yango_bookings_data_20240801221249.csv
2024-08-01 22:12:49 - ya_get_cars_and_bookings_data - INFO - start get_model_list
2024-08-01 22:12:49 - ya_get_cars_and_bookings_data - INFO - Request URL: https://drive.yango.tech/api/leasing/rental/timetable, Status Code: 200
2024-08-01 22:12:49 - ya_get_cars_and_bookings_data - INFO - Fetched 13 bookings
2024-08-01 22:12:49 - ya_get_cars_and_bookings_data - INFO - Fetched 13 total bookings from API for company DREAMZ RENT A CAR L.L.C..
2024-08-01 22:12:49 - ya_get_cars_and_bookings_data - INFO - Data saved to C:\Users\snaip\Documents\work\API_Integration_and_Data_Migration_Car_Bookings_new\data/raw/yango_bookings\DREAMZ RENT A CAR L.L.C.\yango_bookings_data_20240801221249.csv
2024-08-01 22:12:49 - ya_get_cars_and_bookings_data - INFO - start get_model_list
2024-08-01 22:12:49 - ya_get_cars_and_bookings_data - INFO - Request URL: https://drive.yango.tech/api/leasing/models/list?lang=en, Status Code: 200
2024-08-01 22:12:49 - ya_get_cars_and_bookings_data - INFO - Fetched 69 models from API for company AVENTADOR 1 CAR RENTAL.
2024-08-01 22:12:49 - ya_get_cars_and_bookings_data - INFO - Data saved to C:\Users\snaip\Documents\work\API_Integration_and_Data_Migration_Car_Bookings_new\data/raw/yango_cars\AVENTADOR 1 CAR RENTAL\yango_model_list_20240801221249.csv
2024-08-01 22:12:49 - ya_get_cars_and_bookings_data - INFO - start get_cars_leasing
2024-08-01 22:12:49 - ya_get_cars_and_bookings_data - INFO - start fetch_all_cars_with_pagination
2024-08-01 22:12:50 - ya_get_cars_and_bookings_data - INFO - Request URL: https://drive.yango.tech/api/leasing/models/list?lang=en, Status Code: 200
2024-08-01 22:12:50 - ya_get_cars_and_bookings_data - INFO - Fetched 29 models from API for company DREAMZ RENT A CAR L.L.C..
2024-08-01 22:12:50 - ya_get_cars_and_bookings_data - INFO - Data saved to C:\Users\snaip\Documents\work\API_Integration_and_Data_Migration_Car_Bookings_new\data/raw/yango_cars\DREAMZ RENT A CAR L.L.C.\yango_model_list_20240801221250.csv
2024-08-01 22:12:50 - ya_get_cars_and_bookings_data - INFO - start get_cars_leasing
2024-08-01 22:12:50 - ya_get_cars_and_bookings_data - INFO - start fetch_all_cars_with_pagination
2024-08-01 22:12:50 - ya_get_cars_and_bookings_data - INFO - Fetched 55 cars from API with pagination for company HOUSTON LUXURY RENT A CAR.
2024-08-01 22:12:50 - ya_get_cars_and_bookings_data - INFO - Data saved to C:\Users\snaip\Documents\work\API_Integration_and_Data_Migration_Car_Bookings_new\data/raw/yango_cars\HOUSTON LUXURY RENT A CAR\yango_cars_data_20240801221250.csv
2024-08-01 22:12:50 - ya_get_cars_and_bookings_data - INFO - start get_bookings
2024-08-01 22:12:51 - ya_get_cars_and_bookings_data - INFO - Request URL: https://drive.yango.tech/api/leasing/rental/timetable, Status Code: 200
2024-08-01 22:12:51 - ya_get_cars_and_bookings_data - INFO - Fetched 5 bookings
2024-08-01 22:12:51 - ya_get_cars_and_bookings_data - INFO - Fetched 5 total bookings from API for company HOUSTON LUXURY RENT A CAR.
2024-08-01 22:12:51 - ya_get_cars_and_bookings_data - INFO - Data saved to C:\Users\snaip\Documents\work\API_Integration_and_Data_Migration_Car_Bookings_new\data/raw/yango_bookings\HOUSTON LUXURY RENT A CAR\yango_bookings_data_20240801221250.csv
2024-08-01 22:12:51 - ya_get_cars_and_bookings_data - INFO - start get_model_list
2024-08-01 22:12:51 - ya_get_cars_and_bookings_data - INFO - Request URL: https://drive.yango.tech/api/leasing/models/list?lang=en, Status Code: 200
2024-08-01 22:12:51 - ya_get_cars_and_bookings_data - INFO - Fetched 43 models from API for company HOUSTON LUXURY RENT A CAR.
2024-08-01 22:12:51 - ya_get_cars_and_bookings_data - INFO - Data saved to C:\Users\snaip\Documents\work\API_Integration_and_Data_Migration_Car_Bookings_new\data/raw/yango_cars\HOUSTON LUXURY RENT A CAR\yango_model_list_20240801221251.csv
2024-08-01 22:12:51 - ya_get_cars_and_bookings_data - INFO - start get_cars_leasing
2024-08-01 22:12:51 - ya_get_cars_and_bookings_data - INFO - start fetch_all_cars_with_pagination
2024-08-01 22:12:51 - ya_get_cars_and_bookings_data - INFO - Fetched 14 cars from API with pagination for company LUXURY SPORTS CAR RENTAL L.L.C..
2024-08-01 22:12:51 - ya_get_cars_and_bookings_data - INFO - Data saved to C:\Users\snaip\Documents\work\API_Integration_and_Data_Migration_Car_Bookings_new\data/raw/yango_cars\LUXURY SPORTS CAR RENTAL L.L.C.\yango_cars_data_20240801221251.csv
2024-08-01 22:12:51 - ya_get_cars_and_bookings_data - INFO - start get_bookings
2024-08-01 22:12:52 - ya_get_cars_and_bookings_data - INFO - Fetched 17 cars from API with pagination for company MASTERKEY RENT A CAR L.L.C..
2024-08-01 22:12:52 - ya_get_cars_and_bookings_data - INFO - Data saved to C:\Users\snaip\Documents\work\API_Integration_and_Data_Migration_Car_Bookings_new\data/raw/yango_cars\MASTERKEY RENT A CAR L.L.C.\yango_cars_data_20240801221252.csv
2024-08-01 22:12:52 - ya_get_cars_and_bookings_data - INFO - start get_bookings
2024-08-01 22:12:52 - ya_get_cars_and_bookings_data - INFO - Request URL: https://drive.yango.tech/api/leasing/rental/timetable, Status Code: 200
2024-08-01 22:12:52 - ya_get_cars_and_bookings_data - INFO - Fetched 2 bookings
2024-08-01 22:12:52 - ya_get_cars_and_bookings_data - INFO - Fetched 2 total bookings from API for company LUXURY SPORTS CAR RENTAL L.L.C..
2024-08-01 22:12:52 - ya_get_cars_and_bookings_data - INFO - Data saved to C:\Users\snaip\Documents\work\API_Integration_and_Data_Migration_Car_Bookings_new\data/raw/yango_bookings\LUXURY SPORTS CAR RENTAL L.L.C.\yango_bookings_data_20240801221251.csv
2024-08-01 22:12:52 - ya_get_cars_and_bookings_data - INFO - start get_model_list
2024-08-01 22:12:52 - ya_get_cars_and_bookings_data - INFO - Request URL: https://drive.yango.tech/api/leasing/rental/timetable, Status Code: 200
2024-08-01 22:12:52 - ya_get_cars_and_bookings_data - INFO - Fetched 6 bookings
2024-08-01 22:12:52 - ya_get_cars_and_bookings_data - INFO - Fetched 6 total bookings from API for company MASTERKEY RENT A CAR L.L.C..
2024-08-01 22:12:52 - ya_get_cars_and_bookings_data - INFO - Data saved to C:\Users\snaip\Documents\work\API_Integration_and_Data_Migration_Car_Bookings_new\data/raw/yango_bookings\MASTERKEY RENT A CAR L.L.C.\yango_bookings_data_20240801221252.csv
2024-08-01 22:12:52 - ya_get_cars_and_bookings_data - INFO - start get_model_list
2024-08-01 22:12:52 - ya_get_cars_and_bookings_data - INFO - Request URL: https://drive.yango.tech/api/leasing/models/list?lang=en, Status Code: 200
2024-08-01 22:12:52 - ya_get_cars_and_bookings_data - INFO - Fetched 14 models from API for company LUXURY SPORTS CAR RENTAL L.L.C..
2024-08-01 22:12:52 - ya_get_cars_and_bookings_data - INFO - Data saved to C:\Users\snaip\Documents\work\API_Integration_and_Data_Migration_Car_Bookings_new\data/raw/yango_cars\LUXURY SPORTS CAR RENTAL L.L.C.\yango_model_list_20240801221252.csv
2024-08-01 22:12:52 - ya_get_cars_and_bookings_data - INFO - start get_cars_leasing
2024-08-01 22:12:52 - ya_get_cars_and_bookings_data - INFO - start fetch_all_cars_with_pagination
2024-08-01 22:12:52 - ya_get_cars_and_bookings_data - INFO - Request URL: https://drive.yango.tech/api/leasing/models/list?lang=en, Status Code: 200
2024-08-01 22:12:52 - ya_get_cars_and_bookings_data - INFO - Fetched 17 models from API for company MASTERKEY RENT A CAR L.L.C..
2024-08-01 22:12:52 - ya_get_cars_and_bookings_data - INFO - Data saved to C:\Users\snaip\Documents\work\API_Integration_and_Data_Migration_Car_Bookings_new\data/raw/yango_cars\MASTERKEY RENT A CAR L.L.C.\yango_model_list_20240801221252.csv
2024-08-01 22:12:52 - ya_get_cars_and_bookings_data - INFO - start get_cars_leasing
2024-08-01 22:12:52 - ya_get_cars_and_bookings_data - INFO - start fetch_all_cars_with_pagination
2024-08-01 22:12:54 - ya_get_cars_and_bookings_data - INFO - Fetched 481 cars from API with pagination for company FAST EXPRESS RENT A CAR L.L.C..
2024-08-01 22:12:54 - ya_get_cars_and_bookings_data - INFO - Data saved to C:\Users\snaip\Documents\work\API_Integration_and_Data_Migration_Car_Bookings_new\data/raw/yango_cars\FAST EXPRESS RENT A CAR L.L.C.\yango_cars_data_20240801221254.csv
2024-08-01 22:12:54 - ya_get_cars_and_bookings_data - INFO - start get_bookings
2024-08-01 22:12:54 - ya_get_cars_and_bookings_data - INFO - Request URL: https://drive.yango.tech/api/leasing/rental/timetable, Status Code: 200
2024-08-01 22:12:54 - ya_get_cars_and_bookings_data - INFO - Fetched 106 bookings
2024-08-01 22:12:54 - ya_get_cars_and_bookings_data - INFO - Fetched 106 total bookings from API for company FAST EXPRESS RENT A CAR L.L.C..
2024-08-01 22:12:54 - ya_get_cars_and_bookings_data - INFO - Data saved to C:\Users\snaip\Documents\work\API_Integration_and_Data_Migration_Car_Bookings_new\data/raw/yango_bookings\FAST EXPRESS RENT A CAR L.L.C.\yango_bookings_data_20240801221254.csv
2024-08-01 22:12:55 - ya_get_cars_and_bookings_data - INFO - start get_model_list
2024-08-01 22:12:55 - ya_get_cars_and_bookings_data - INFO - Fetched 158 cars from API with pagination for company X CAR RENTAL.
2024-08-01 22:12:55 - ya_get_cars_and_bookings_data - INFO - Data saved to C:\Users\snaip\Documents\work\API_Integration_and_Data_Migration_Car_Bookings_new\data/raw/yango_cars\X CAR RENTAL\yango_cars_data_20240801221255.csv
2024-08-01 22:12:55 - ya_get_cars_and_bookings_data - INFO - start get_bookings
2024-08-01 22:12:55 - ya_get_cars_and_bookings_data - INFO - Request URL: https://drive.yango.tech/api/leasing/models/list?lang=en, Status Code: 200
2024-08-01 22:12:55 - ya_get_cars_and_bookings_data - INFO - Fetched 50 models from API for company FAST EXPRESS RENT A CAR L.L.C..
2024-08-01 22:12:55 - ya_get_cars_and_bookings_data - INFO - Data saved to C:\Users\snaip\Documents\work\API_Integration_and_Data_Migration_Car_Bookings_new\data/raw/yango_cars\FAST EXPRESS RENT A CAR L.L.C.\yango_model_list_20240801221255.csv
2024-08-01 22:12:55 - ya_get_cars_and_bookings_data - INFO - start get_cars_leasing
2024-08-01 22:12:55 - ya_get_cars_and_bookings_data - INFO - start fetch_all_cars_with_pagination
2024-08-01 22:12:55 - ya_get_cars_and_bookings_data - INFO - Request URL: https://drive.yango.tech/api/leasing/rental/timetable, Status Code: 200
2024-08-01 22:12:55 - ya_get_cars_and_bookings_data - INFO - Fetched 94 bookings
2024-08-01 22:12:55 - ya_get_cars_and_bookings_data - INFO - Fetched 94 total bookings from API for company X CAR RENTAL.
2024-08-01 22:12:55 - ya_get_cars_and_bookings_data - INFO - Data saved to C:\Users\snaip\Documents\work\API_Integration_and_Data_Migration_Car_Bookings_new\data/raw/yango_bookings\X CAR RENTAL\yango_bookings_data_20240801221255.csv
2024-08-01 22:12:55 - ya_get_cars_and_bookings_data - INFO - start get_model_list
2024-08-01 22:12:55 - ya_get_cars_and_bookings_data - INFO - Request URL: https://drive.yango.tech/api/leasing/models/list?lang=en, Status Code: 200
2024-08-01 22:12:55 - ya_get_cars_and_bookings_data - INFO - Fetched 137 models from API for company X CAR RENTAL.
2024-08-01 22:12:55 - ya_get_cars_and_bookings_data - INFO - Data saved to C:\Users\snaip\Documents\work\API_Integration_and_Data_Migration_Car_Bookings_new\data/raw/yango_cars\X CAR RENTAL\yango_model_list_20240801221255.csv
2024-08-01 22:12:57 - ya_get_cars_and_bookings_data - INFO - Fetched 94 cars from API with pagination for company HEXA CAR RENTAL.
2024-08-01 22:12:57 - ya_get_cars_and_bookings_data - INFO - Data saved to C:\Users\snaip\Documents\work\API_Integration_and_Data_Migration_Car_Bookings_new\data/raw/yango_cars\HEXA CAR RENTAL\yango_cars_data_20240801221257.csv
2024-08-01 22:12:57 - ya_get_cars_and_bookings_data - INFO - start get_bookings
2024-08-01 22:12:58 - ya_get_cars_and_bookings_data - INFO - Request URL: https://drive.yango.tech/api/leasing/rental/timetable, Status Code: 200
2024-08-01 22:12:58 - ya_get_cars_and_bookings_data - INFO - Fetched 95 bookings
2024-08-01 22:12:58 - ya_get_cars_and_bookings_data - INFO - Fetched 95 total bookings from API for company HEXA CAR RENTAL.
2024-08-01 22:12:58 - ya_get_cars_and_bookings_data - INFO - Data saved to C:\Users\snaip\Documents\work\API_Integration_and_Data_Migration_Car_Bookings_new\data/raw/yango_bookings\HEXA CAR RENTAL\yango_bookings_data_20240801221257.csv
2024-08-01 22:12:58 - ya_get_cars_and_bookings_data - INFO - start get_model_list
2024-08-01 22:12:58 - ya_get_cars_and_bookings_data - INFO - Request URL: https://drive.yango.tech/api/leasing/models/list?lang=en, Status Code: 200
2024-08-01 22:12:58 - ya_get_cars_and_bookings_data - INFO - Fetched 40 models from API for company HEXA CAR RENTAL.
2024-08-01 22:12:58 - ya_get_cars_and_bookings_data - INFO - Data saved to C:\Users\snaip\Documents\work\API_Integration_and_Data_Migration_Car_Bookings_new\data/raw/yango_cars\HEXA CAR RENTAL\yango_model_list_20240801221258.csv
2024-08-01 22:12:59 - ya_get_cars_and_bookings_data - INFO - Fetched 527 cars from API with pagination for company CAR STREET CAR RENTAL.
2024-08-01 22:12:59 - ya_get_cars_and_bookings_data - INFO - Data saved to C:\Users\snaip\Documents\work\API_Integration_and_Data_Migration_Car_Bookings_new\data/raw/yango_cars\CAR STREET CAR RENTAL\yango_cars_data_20240801221259.csv
2024-08-01 22:12:59 - ya_get_cars_and_bookings_data - INFO - start get_bookings
2024-08-01 22:12:59 - ya_get_cars_and_bookings_data - INFO - Request URL: https://drive.yango.tech/api/leasing/rental/timetable, Status Code: 200
2024-08-01 22:12:59 - ya_get_cars_and_bookings_data - INFO - Fetched 302 bookings
2024-08-01 22:12:59 - ya_get_cars_and_bookings_data - INFO - Fetched 302 total bookings from API for company CAR STREET CAR RENTAL.
2024-08-01 22:12:59 - ya_get_cars_and_bookings_data - INFO - Data saved to C:\Users\snaip\Documents\work\API_Integration_and_Data_Migration_Car_Bookings_new\data/raw/yango_bookings\CAR STREET CAR RENTAL\yango_bookings_data_20240801221259.csv
2024-08-01 22:12:59 - ya_get_cars_and_bookings_data - INFO - start get_model_list
2024-08-01 22:13:00 - ya_get_cars_and_bookings_data - INFO - Request URL: https://drive.yango.tech/api/leasing/models/list?lang=en, Status Code: 200
2024-08-01 22:13:00 - ya_get_cars_and_bookings_data - INFO - Fetched 73 models from API for company CAR STREET CAR RENTAL.
2024-08-01 22:13:00 - ya_get_cars_and_bookings_data - INFO - Data saved to C:\Users\snaip\Documents\work\API_Integration_and_Data_Migration_Car_Bookings_new\data/raw/yango_cars\CAR STREET CAR RENTAL\yango_model_list_20240801221300.csv
2024-08-01 22:13:04 - ya_get_cars_and_bookings_data - INFO - Fetched 1043 cars from API with pagination for company AL EMAD CAR RENTAL.
2024-08-01 22:13:05 - ya_get_cars_and_bookings_data - INFO - Data saved to C:\Users\snaip\Documents\work\API_Integration_and_Data_Migration_Car_Bookings_new\data/raw/yango_cars\AL EMAD CAR RENTAL\yango_cars_data_20240801221304.csv
2024-08-01 22:13:05 - ya_get_cars_and_bookings_data - INFO - start get_bookings
