2024-07-31 20:58:01 - ya_get_cars_and_bookings_data - INFO - Request URL: https://drive.yango.tech/api/leasing/car/list?page_number=1&page_size=50&lang=en, Status Code: 200
2024-07-31 20:58:01 - ya_get_cars_and_bookings_data - INFO - number of cars-50 in page=1
2024-07-31 20:58:02 - ya_get_cars_and_bookings_data - INFO - Request URL: https://drive.yango.tech/api/leasing/car/list?page_number=2&page_size=50&lang=en, Status Code: 200
2024-07-31 20:58:02 - ya_get_cars_and_bookings_data - INFO - number of cars-50 in page=2
2024-07-31 20:58:02 - ya_get_cars_and_bookings_data - INFO - Request URL: https://drive.yango.tech/api/leasing/car/list?page_number=3&page_size=50&lang=en, Status Code: 200
2024-07-31 20:58:02 - ya_get_cars_and_bookings_data - INFO - number of cars-50 in page=3
2024-07-31 20:58:03 - ya_get_cars_and_bookings_data - INFO - Request URL: https://drive.yango.tech/api/leasing/car/list?page_number=4&page_size=50&lang=en, Status Code: 200
2024-07-31 20:58:03 - ya_get_cars_and_bookings_data - INFO - number of cars-50 in page=4
2024-07-31 20:58:03 - ya_get_cars_and_bookings_data - INFO - Request URL: https://drive.yango.tech/api/leasing/car/list?page_number=5&page_size=50&lang=en, Status Code: 200
2024-07-31 20:58:03 - ya_get_cars_and_bookings_data - INFO - number of cars-50 in page=5
2024-07-31 20:58:04 - ya_get_cars_and_bookings_data - INFO - Request URL: https://drive.yango.tech/api/leasing/car/list?page_number=6&page_size=50&lang=en, Status Code: 200
2024-07-31 20:58:04 - ya_get_cars_and_bookings_data - INFO - number of cars-50 in page=6
2024-07-31 20:58:04 - ya_get_cars_and_bookings_data - INFO - Request URL: https://drive.yango.tech/api/leasing/car/list?page_number=7&page_size=50&lang=en, Status Code: 200
2024-07-31 20:58:04 - ya_get_cars_and_bookings_data - INFO - number of cars-50 in page=7
2024-07-31 20:58:04 - ya_get_cars_and_bookings_data - INFO - Request URL: https://drive.yango.tech/api/leasing/car/list?page_number=8&page_size=50&lang=en, Status Code: 200
2024-07-31 20:58:04 - ya_get_cars_and_bookings_data - INFO - number of cars-50 in page=8
2024-07-31 20:58:05 - ya_get_cars_and_bookings_data - INFO - Request URL: https://drive.yango.tech/api/leasing/car/list?page_number=9&page_size=50&lang=en, Status Code: 200
2024-07-31 20:58:05 - ya_get_cars_and_bookings_data - INFO - number of cars-50 in page=9
2024-07-31 20:58:05 - ya_get_cars_and_bookings_data - INFO - Request URL: https://drive.yango.tech/api/leasing/car/list?page_number=10&page_size=50&lang=en, Status Code: 200
2024-07-31 20:58:05 - ya_get_cars_and_bookings_data - INFO - number of cars-50 in page=10
2024-07-31 20:58:06 - ya_get_cars_and_bookings_data - INFO - Request URL: https://drive.yango.tech/api/leasing/car/list?page_number=11&page_size=50&lang=en, Status Code: 200
2024-07-31 20:58:06 - ya_get_cars_and_bookings_data - INFO - number of cars-50 in page=11
2024-07-31 20:58:06 - ya_get_cars_and_bookings_data - INFO - Request URL: https://drive.yango.tech/api/leasing/car/list?page_number=12&page_size=50&lang=en, Status Code: 200
2024-07-31 20:58:06 - ya_get_cars_and_bookings_data - INFO - number of cars-50 in page=12
2024-07-31 20:58:07 - ya_get_cars_and_bookings_data - INFO - Request URL: https://drive.yango.tech/api/leasing/car/list?page_number=13&page_size=50&lang=en, Status Code: 200
2024-07-31 20:58:07 - ya_get_cars_and_bookings_data - INFO - number of cars-50 in page=13
2024-07-31 20:58:07 - ya_get_cars_and_bookings_data - INFO - Request URL: https://drive.yango.tech/api/leasing/car/list?page_number=14&page_size=50&lang=en, Status Code: 200
2024-07-31 20:58:07 - ya_get_cars_and_bookings_data - INFO - number of cars-50 in page=14
2024-07-31 20:58:08 - ya_get_cars_and_bookings_data - INFO - Request URL: https://drive.yango.tech/api/leasing/car/list?page_number=15&page_size=50&lang=en, Status Code: 200
2024-07-31 20:58:08 - ya_get_cars_and_bookings_data - INFO - number of cars-50 in page=15
2024-07-31 20:58:09 - ya_get_cars_and_bookings_data - INFO - Request URL: https://drive.yango.tech/api/leasing/car/list?page_number=16&page_size=50&lang=en, Status Code: 200
2024-07-31 20:58:09 - ya_get_cars_and_bookings_data - INFO - number of cars-50 in page=16
2024-07-31 20:58:09 - ya_get_cars_and_bookings_data - INFO - Request URL: https://drive.yango.tech/api/leasing/car/list?page_number=17&page_size=50&lang=en, Status Code: 200
2024-07-31 20:58:09 - ya_get_cars_and_bookings_data - INFO - number of cars-50 in page=17
2024-07-31 20:58:10 - ya_get_cars_and_bookings_data - INFO - Request URL: https://drive.yango.tech/api/leasing/car/list?page_number=18&page_size=50&lang=en, Status Code: 200
2024-07-31 20:58:10 - ya_get_cars_and_bookings_data - INFO - number of cars-50 in page=18
2024-07-31 20:58:10 - ya_get_cars_and_bookings_data - INFO - Request URL: https://drive.yango.tech/api/leasing/car/list?page_number=19&page_size=50&lang=en, Status Code: 200
2024-07-31 20:58:10 - ya_get_cars_and_bookings_data - INFO - number of cars-50 in page=19
2024-07-31 20:58:11 - ya_get_cars_and_bookings_data - INFO - Request URL: https://drive.yango.tech/api/leasing/car/list?page_number=20&page_size=50&lang=en, Status Code: 200
2024-07-31 20:58:11 - ya_get_cars_and_bookings_data - INFO - number of cars-50 in page=20
2024-07-31 20:58:11 - ya_get_cars_and_bookings_data - INFO - Request URL: https://drive.yango.tech/api/leasing/car/list?page_number=21&page_size=50&lang=en, Status Code: 200
2024-07-31 20:58:11 - ya_get_cars_and_bookings_data - INFO - number of cars-43 in page=21
2024-07-31 20:58:12 - ya_get_cars_and_bookings_data - INFO - Request URL: https://drive.yango.tech/api/leasing/car/list?page_number=22&page_size=50&lang=en, Status Code: 200
2024-07-31 20:58:12 - ya_get_cars_and_bookings_data - INFO - Fetched 1043 cars from API with pagination for company AL EMAD CAR RENTAL.
2024-07-31 20:58:12 - ya_get_cars_and_bookings_data - INFO - Data saved to C:/data/yango_cars\AL EMAD CAR RENTAL\yango_cars_data_20240731205812.csv
2024-07-31 20:58:13 - ya_get_cars_and_bookings_data - INFO - Request URL: https://drive.yango.tech/api/leasing/rental/timetable, Status Code: 200
2024-07-31 20:58:13 - ya_get_cars_and_bookings_data - INFO - Fetched 968 bookings
2024-07-31 20:58:13 - ya_get_cars_and_bookings_data - INFO - Fetched 968 total bookings from API for company AL EMAD CAR RENTAL.
2024-07-31 20:58:13 - ya_get_cars_and_bookings_data - INFO - Data saved to C:/data/yango_bookings\AL EMAD CAR RENTAL\yango_bookings_data_20240731205812.csv
2024-07-31 20:58:13 - ya_get_cars_and_bookings_data - INFO - Request URL: https://drive.yango.tech/api/leasing/models/list?lang=en, Status Code: 200
2024-07-31 20:58:13 - ya_get_cars_and_bookings_data - INFO - Fetched 51 models from API for company AL EMAD CAR RENTAL.
2024-07-31 20:58:13 - ya_get_cars_and_bookings_data - INFO - Data saved to C:/data/yango_cars\AL EMAD CAR RENTAL\yango_model_list_20240731205813.csv
